TpTrace Verbose: 0 : 13392, 1, 2022/07/08, 13:26:08.569, 132162290865, vstest.console.dll, Version: 16.11.0
TpTrace Information: 0 : 13392, 1, 2022/07/08, 13:26:08.575, 132162347878, vstest.console.dll, FilePatternParser: The given file C:\Users\thiag\OneDrive\Área de Trabalho\SistemaCompras-v3\SistemaCompra.Domain.Test\bin\Debug\netcoreapp3.1\fine-code-coverage\build-output\SistemaCompra.Domain.Test.dll is a full path.
TpTrace Verbose: 0 : 13392, 1, 2022/07/08, 13:26:08.578, 132162376366, vstest.console.dll, TestPluginCache.DiscoverTestExtensions: finding test extensions in assemblies ends with: RuntimeProvider.dll TPluginInfo: Microsoft.VisualStudio.TestPlatform.Common.ExtensionFramework.Utilities.TestRuntimePluginInformation TExtension: Microsoft.VisualStudio.TestPlatform.ObjectModel.Host.ITestRuntimeProvider
TpTrace Verbose: 0 : 13392, 1, 2022/07/08, 13:26:08.578, 132162379102, vstest.console.dll, TestPluginCache.GetExtensionPaths: Filtered extension paths: 
TpTrace Verbose: 0 : 13392, 1, 2022/07/08, 13:26:08.578, 132162379699, vstest.console.dll, TestPluginCache.GetExtensionPaths: Added default extension paths: C:\Program Files\dotnet\sdk\5.0.409\Extensions\Microsoft.Diagnostics.NETCore.Client.dll
C:\Program Files\dotnet\sdk\5.0.409\Extensions\Microsoft.TestPlatform.Extensions.BlameDataCollector.dll
C:\Program Files\dotnet\sdk\5.0.409\Extensions\Microsoft.TestPlatform.Extensions.EventLogCollector.dll
C:\Program Files\dotnet\sdk\5.0.409\Extensions\Microsoft.TestPlatform.TestHostRuntimeProvider.dll
C:\Program Files\dotnet\sdk\5.0.409\Extensions\Microsoft.VisualStudio.TestPlatform.Extensions.Html.TestLogger.dll
C:\Program Files\dotnet\sdk\5.0.409\Extensions\Microsoft.VisualStudio.TestPlatform.Extensions.Trx.TestLogger.dll
TpTrace Verbose: 0 : 13392, 1, 2022/07/08, 13:26:08.578, 132162379888, vstest.console.dll, TestPluginCache.GetExtensionPaths: Added unfilterableExtensionPaths: 
TpTrace Information: 0 : 13392, 1, 2022/07/08, 13:26:08.579, 132162385450, vstest.console.dll, AssemblyResolver.ctor: Creating AssemblyResolver with searchDirectories C:\Program Files\dotnet\sdk\5.0.409\Extensions,C:\Program Files\dotnet\sdk\5.0.409
TpTrace Verbose: 0 : 13392, 1, 2022/07/08, 13:26:08.580, 132162393303, vstest.console.dll, TestPluginCache.DiscoverTestExtensions: Discovering the extensions using extension path.
TpTrace Verbose: 0 : 13392, 1, 2022/07/08, 13:26:08.580, 132162394142, vstest.console.dll, TestPluginCache.GetExtensionPaths: Filtered extension paths: 
TpTrace Verbose: 0 : 13392, 1, 2022/07/08, 13:26:08.580, 132162394363, vstest.console.dll, TestPluginCache.GetExtensionPaths: Added default extension paths: C:\Program Files\dotnet\sdk\5.0.409\Extensions\Microsoft.Diagnostics.NETCore.Client.dll
C:\Program Files\dotnet\sdk\5.0.409\Extensions\Microsoft.TestPlatform.Extensions.BlameDataCollector.dll
C:\Program Files\dotnet\sdk\5.0.409\Extensions\Microsoft.TestPlatform.Extensions.EventLogCollector.dll
C:\Program Files\dotnet\sdk\5.0.409\Extensions\Microsoft.TestPlatform.TestHostRuntimeProvider.dll
C:\Program Files\dotnet\sdk\5.0.409\Extensions\Microsoft.VisualStudio.TestPlatform.Extensions.Html.TestLogger.dll
C:\Program Files\dotnet\sdk\5.0.409\Extensions\Microsoft.VisualStudio.TestPlatform.Extensions.Trx.TestLogger.dll
TpTrace Verbose: 0 : 13392, 1, 2022/07/08, 13:26:08.580, 132162394544, vstest.console.dll, TestPluginCache.GetExtensionPaths: Added unfilterableExtensionPaths: 
TpTrace Verbose: 0 : 13392, 1, 2022/07/08, 13:26:08.580, 132162394848, vstest.console.dll, TestPluginCache.DiscoverTestExtensions: Discovering the extensions using allExtensionPaths: C:\Program Files\dotnet\sdk\5.0.409\Extensions\Microsoft.Diagnostics.NETCore.Client.dll
C:\Program Files\dotnet\sdk\5.0.409\Extensions\Microsoft.TestPlatform.Extensions.BlameDataCollector.dll
C:\Program Files\dotnet\sdk\5.0.409\Extensions\Microsoft.TestPlatform.Extensions.EventLogCollector.dll
C:\Program Files\dotnet\sdk\5.0.409\Extensions\Microsoft.TestPlatform.TestHostRuntimeProvider.dll
C:\Program Files\dotnet\sdk\5.0.409\Extensions\Microsoft.VisualStudio.TestPlatform.Extensions.Html.TestLogger.dll
C:\Program Files\dotnet\sdk\5.0.409\Extensions\Microsoft.VisualStudio.TestPlatform.Extensions.Trx.TestLogger.dll
TpTrace Information: 0 : 13392, 1, 2022/07/08, 13:26:08.580, 132162395799, vstest.console.dll, AssemblyResolver.AddSearchDirectories: Adding more searchDirectories C:\Program Files\dotnet\sdk\5.0.409\Extensions,C:\Program Files\dotnet\sdk\5.0.409
TpTrace Information: 0 : 13392, 1, 2022/07/08, 13:26:08.580, 132162396103, vstest.console.dll, AssemblyResolver.AddSearchDirectories: Adding more searchDirectories C:\Program Files\dotnet\sdk\5.0.409\Extensions,C:\Program Files\dotnet\sdk\5.0.409
TpTrace Information: 0 : 13392, 1, 2022/07/08, 13:26:08.580, 132162396264, vstest.console.dll, AssemblyResolver.AddSearchDirectories: Adding more searchDirectories C:\Program Files\dotnet\sdk\5.0.409\Extensions,C:\Program Files\dotnet\sdk\5.0.409
TpTrace Information: 0 : 13392, 1, 2022/07/08, 13:26:08.580, 132162396438, vstest.console.dll, AssemblyResolver.AddSearchDirectories: Adding more searchDirectories C:\Program Files\dotnet\sdk\5.0.409\Extensions,C:\Program Files\dotnet\sdk\5.0.409
TpTrace Information: 0 : 13392, 1, 2022/07/08, 13:26:08.580, 132162396585, vstest.console.dll, AssemblyResolver.AddSearchDirectories: Adding more searchDirectories C:\Program Files\dotnet\sdk\5.0.409\Extensions,C:\Program Files\dotnet\sdk\5.0.409
TpTrace Information: 0 : 13392, 1, 2022/07/08, 13:26:08.580, 132162396743, vstest.console.dll, AssemblyResolver.AddSearchDirectories: Adding more searchDirectories C:\Program Files\dotnet\sdk\5.0.409\Extensions,C:\Program Files\dotnet\sdk\5.0.409
TpTrace Information: 0 : 13392, 1, 2022/07/08, 13:26:08.580, 132162398940, vstest.console.dll, AssemblyResolver.OnResolve: Microsoft.Diagnostics.NETCore.Client: Resolving assembly.
TpTrace Information: 0 : 13392, 1, 2022/07/08, 13:26:08.580, 132162399306, vstest.console.dll, AssemblyResolver.OnResolve: Microsoft.Diagnostics.NETCore.Client: Searching in: 'C:\Program Files\dotnet\sdk\5.0.409\Extensions'.
TpTrace Information: 0 : 13392, 1, 2022/07/08, 13:26:08.581, 132162403575, vstest.console.dll, AssemblyResolver.OnResolve: Microsoft.Diagnostics.NETCore.Client: Loading assembly 'C:\Program Files\dotnet\sdk\5.0.409\Extensions\Microsoft.Diagnostics.NETCore.Client.dll'.
TpTrace Information: 0 : 13392, 1, 2022/07/08, 13:26:08.581, 132162407096, vstest.console.dll, AssemblyResolver.OnResolve: Resolved assembly: Microsoft.Diagnostics.NETCore.Client, from path: C:\Program Files\dotnet\sdk\5.0.409\Extensions\Microsoft.Diagnostics.NETCore.Client.dll
TpTrace Information: 0 : 13392, 1, 2022/07/08, 13:26:08.585, 132162445380, vstest.console.dll, AssemblyResolver.OnResolve: Microsoft.Bcl.AsyncInterfaces: Resolving assembly.
TpTrace Information: 0 : 13392, 1, 2022/07/08, 13:26:08.585, 132162445841, vstest.console.dll, AssemblyResolver.OnResolve: Microsoft.Bcl.AsyncInterfaces: Searching in: 'C:\Program Files\dotnet\sdk\5.0.409\Extensions'.
TpTrace Information: 0 : 13392, 1, 2022/07/08, 13:26:08.585, 132162446399, vstest.console.dll, AssemblyResolver.OnResolve: Microsoft.Bcl.AsyncInterfaces: Assembly path does not exist: 'C:\Program Files\dotnet\sdk\5.0.409\Extensions\Microsoft.Bcl.AsyncInterfaces.dll', returning.
TpTrace Information: 0 : 13392, 1, 2022/07/08, 13:26:08.585, 132162446852, vstest.console.dll, AssemblyResolver.OnResolve: Microsoft.Bcl.AsyncInterfaces: Assembly path does not exist: 'C:\Program Files\dotnet\sdk\5.0.409\Extensions\Microsoft.Bcl.AsyncInterfaces.exe', returning.
TpTrace Information: 0 : 13392, 1, 2022/07/08, 13:26:08.585, 132162447083, vstest.console.dll, AssemblyResolver.OnResolve: Microsoft.Bcl.AsyncInterfaces: Searching in: 'C:\Program Files\dotnet\sdk\5.0.409'.
TpTrace Information: 0 : 13392, 1, 2022/07/08, 13:26:08.585, 132162447576, vstest.console.dll, AssemblyResolver.OnResolve: Microsoft.Bcl.AsyncInterfaces: Assembly path does not exist: 'C:\Program Files\dotnet\sdk\5.0.409\Microsoft.Bcl.AsyncInterfaces.dll', returning.
TpTrace Information: 0 : 13392, 1, 2022/07/08, 13:26:08.585, 132162447922, vstest.console.dll, AssemblyResolver.OnResolve: Microsoft.Bcl.AsyncInterfaces: Assembly path does not exist: 'C:\Program Files\dotnet\sdk\5.0.409\Microsoft.Bcl.AsyncInterfaces.exe', returning.
TpTrace Information: 0 : 13392, 1, 2022/07/08, 13:26:08.585, 132162448482, vstest.console.dll, AssemblyResolver.OnResolve: Microsoft.Bcl.AsyncInterfaces: Failed to load assembly.
TpTrace Verbose: 0 : 13392, 1, 2022/07/08, 13:26:08.585, 132162448756, vstest.console.dll, CurrentDomainAssemblyResolve: Resolving assembly 'Microsoft.Bcl.AsyncInterfaces'.
TpTrace Information: 0 : 13392, 1, 2022/07/08, 13:26:08.585, 132162449090, vstest.console.dll, AssemblyResolver.OnResolve: Microsoft.Bcl.AsyncInterfaces: Resolving assembly.
TpTrace Information: 0 : 13392, 1, 2022/07/08, 13:26:08.585, 132162449284, vstest.console.dll, AssemblyResolver.OnResolve: Microsoft.Bcl.AsyncInterfaces: Resolved from cache.
TpTrace Verbose: 0 : 13392, 1, 2022/07/08, 13:26:08.585, 132162449437, vstest.console.dll, CurrentDomainAssemblyResolve: Resolving assembly 'Microsoft.Bcl.AsyncInterfaces'.
TpTrace Verbose: 0 : 13392, 1, 2022/07/08, 13:26:08.585, 132162449693, vstest.console.dll, CurrentDomainAssemblyResolve: Failed to resolve assembly 'Microsoft.Bcl.AsyncInterfaces'.
TpTrace Verbose: 0 : 13392, 1, 2022/07/08, 13:26:08.586, 132162452602, vstest.console.dll, CurrentDomainAssemblyResolve: Failed to resolve assembly 'Microsoft.Bcl.AsyncInterfaces'.
TpTrace Warning: 0 : 13392, 1, 2022/07/08, 13:26:08.595, 132162545608, vstest.console.dll, TestPluginDiscoverer: Failed to get types from assembly 'Microsoft.Diagnostics.NETCore.Client, Version=0.2.2.41902, Culture=neutral, PublicKeyToken=31bf3856ad364e35'.  Skipping test extension scan for this assembly.  Error: System.Reflection.ReflectionTypeLoadException: Unable to load one or more of the requested types.
Could not load file or assembly 'Microsoft.Bcl.AsyncInterfaces, Version=1.0.0.0, Culture=neutral, PublicKeyToken=cc7b13ffcd2ddd51'. The system cannot find the file specified.
   at System.Reflection.RuntimeModule.GetTypes(RuntimeModule module)
   at System.Reflection.Assembly.GetTypes()
   at Microsoft.VisualStudio.TestPlatform.Common.ExtensionFramework.TestPluginDiscoverer.GetTestExtensionsFromAssembly[TPluginInfo,TExtension](Assembly assembly, Dictionary`2 pluginInfos)
System.IO.FileNotFoundException: Could not load file or assembly 'Microsoft.Bcl.AsyncInterfaces, Version=1.0.0.0, Culture=neutral, PublicKeyToken=cc7b13ffcd2ddd51'. The system cannot find the file specified.
File name: 'Microsoft.Bcl.AsyncInterfaces, Version=1.0.0.0, Culture=neutral, PublicKeyToken=cc7b13ffcd2ddd51'
 ---> System.IO.FileNotFoundException: Could not load file or assembly 'Microsoft.Bcl.AsyncInterfaces, Culture=neutral, PublicKeyToken=null'. The system cannot find the file specified.
File name: 'Microsoft.Bcl.AsyncInterfaces, Culture=neutral, PublicKeyToken=null'
   at System.Reflection.RuntimeAssembly.InternalLoad(ObjectHandleOnStack assemblyName, ObjectHandleOnStack requestingAssembly, StackCrawlMarkHandle stackMark, Boolean throwOnFileNotFound, ObjectHandleOnStack assemblyLoadContext, ObjectHandleOnStack retAssembly)
   at System.Reflection.RuntimeAssembly.InternalLoad(AssemblyName assemblyName, RuntimeAssembly requestingAssembly, StackCrawlMark& stackMark, Boolean throwOnFileNotFound, AssemblyLoadContext assemblyLoadContext)
   at System.Reflection.Assembly.Load(AssemblyName assemblyRef)
   at Microsoft.VisualStudio.TestPlatform.Common.ExtensionFramework.TestPluginCache.CurrentDomainAssemblyResolve(Object sender, AssemblyResolveEventArgs args)
   at Microsoft.VisualStudio.TestPlatform.PlatformAbstractions.PlatformAssemblyResolver.AssemblyResolverEvent(Object sender, Object eventArgs)
   at System.Runtime.Loader.AssemblyLoadContext.GetFirstResolvedAssemblyFromResolvingEvent(AssemblyName assemblyName)
   at System.Runtime.Loader.AssemblyLoadContext.ResolveUsingEvent(AssemblyName assemblyName)
   at System.Runtime.Loader.AssemblyLoadContext.ResolveUsingResolvingEvent(IntPtr gchManagedAssemblyLoadContext, AssemblyName assemblyName)
TpTrace Warning: 0 : 13392, 1, 2022/07/08, 13:26:08.595, 132162547108, vstest.console.dll, LoaderExceptions: System.IO.FileNotFoundException: Could not load file or assembly 'Microsoft.Bcl.AsyncInterfaces, Version=1.0.0.0, Culture=neutral, PublicKeyToken=cc7b13ffcd2ddd51'. The system cannot find the file specified.
File name: 'Microsoft.Bcl.AsyncInterfaces, Version=1.0.0.0, Culture=neutral, PublicKeyToken=cc7b13ffcd2ddd51'
 ---> System.IO.FileNotFoundException: Could not load file or assembly 'Microsoft.Bcl.AsyncInterfaces, Culture=neutral, PublicKeyToken=null'. The system cannot find the file specified.
File name: 'Microsoft.Bcl.AsyncInterfaces, Culture=neutral, PublicKeyToken=null'
   at System.Reflection.RuntimeAssembly.InternalLoad(ObjectHandleOnStack assemblyName, ObjectHandleOnStack requestingAssembly, StackCrawlMarkHandle stackMark, Boolean throwOnFileNotFound, ObjectHandleOnStack assemblyLoadContext, ObjectHandleOnStack retAssembly)
   at System.Reflection.RuntimeAssembly.InternalLoad(AssemblyName assemblyName, RuntimeAssembly requestingAssembly, StackCrawlMark& stackMark, Boolean throwOnFileNotFound, AssemblyLoadContext assemblyLoadContext)
   at System.Reflection.Assembly.Load(AssemblyName assemblyRef)
   at Microsoft.VisualStudio.TestPlatform.Common.ExtensionFramework.TestPluginCache.CurrentDomainAssemblyResolve(Object sender, AssemblyResolveEventArgs args)
   at Microsoft.VisualStudio.TestPlatform.PlatformAbstractions.PlatformAssemblyResolver.AssemblyResolverEvent(Object sender, Object eventArgs)
   at System.Runtime.Loader.AssemblyLoadContext.GetFirstResolvedAssemblyFromResolvingEvent(AssemblyName assemblyName)
   at System.Runtime.Loader.AssemblyLoadContext.ResolveUsingEvent(AssemblyName assemblyName)
   at System.Runtime.Loader.AssemblyLoadContext.ResolveUsingResolvingEvent(IntPtr gchManagedAssemblyLoadContext, AssemblyName assemblyName)
TpTrace Information: 0 : 13392, 1, 2022/07/08, 13:26:08.595, 132162547886, vstest.console.dll, AssemblyResolver.OnResolve: Microsoft.TestPlatform.Extensions.BlameDataCollector: Resolving assembly.
TpTrace Information: 0 : 13392, 1, 2022/07/08, 13:26:08.595, 132162548102, vstest.console.dll, AssemblyResolver.OnResolve: Microsoft.TestPlatform.Extensions.BlameDataCollector: Searching in: 'C:\Program Files\dotnet\sdk\5.0.409\Extensions'.
TpTrace Information: 0 : 13392, 1, 2022/07/08, 13:26:08.596, 132162551873, vstest.console.dll, AssemblyResolver.OnResolve: Microsoft.TestPlatform.Extensions.BlameDataCollector: Loading assembly 'C:\Program Files\dotnet\sdk\5.0.409\Extensions\Microsoft.TestPlatform.Extensions.BlameDataCollector.dll'.
TpTrace Information: 0 : 13392, 1, 2022/07/08, 13:26:08.596, 132162555799, vstest.console.dll, AssemblyResolver.OnResolve: Resolved assembly: Microsoft.TestPlatform.Extensions.BlameDataCollector, from path: C:\Program Files\dotnet\sdk\5.0.409\Extensions\Microsoft.TestPlatform.Extensions.BlameDataCollector.dll
TpTrace Information: 0 : 13392, 1, 2022/07/08, 13:26:08.596, 132162559984, vstest.console.dll, AssemblyResolver.OnResolve: Microsoft.TestPlatform.Extensions.EventLogCollector: Resolving assembly.
TpTrace Information: 0 : 13392, 1, 2022/07/08, 13:26:08.596, 132162560363, vstest.console.dll, AssemblyResolver.OnResolve: Microsoft.TestPlatform.Extensions.EventLogCollector: Searching in: 'C:\Program Files\dotnet\sdk\5.0.409\Extensions'.
TpTrace Information: 0 : 13392, 1, 2022/07/08, 13:26:08.597, 132162562782, vstest.console.dll, AssemblyResolver.OnResolve: Microsoft.TestPlatform.Extensions.EventLogCollector: Loading assembly 'C:\Program Files\dotnet\sdk\5.0.409\Extensions\Microsoft.TestPlatform.Extensions.EventLogCollector.dll'.
TpTrace Information: 0 : 13392, 1, 2022/07/08, 13:26:08.597, 132162565554, vstest.console.dll, AssemblyResolver.OnResolve: Resolved assembly: Microsoft.TestPlatform.Extensions.EventLogCollector, from path: C:\Program Files\dotnet\sdk\5.0.409\Extensions\Microsoft.TestPlatform.Extensions.EventLogCollector.dll
TpTrace Information: 0 : 13392, 1, 2022/07/08, 13:26:08.598, 132162577114, vstest.console.dll, AssemblyResolver.OnResolve: Microsoft.TestPlatform.TestHostRuntimeProvider: Resolving assembly.
TpTrace Information: 0 : 13392, 1, 2022/07/08, 13:26:08.598, 132162577909, vstest.console.dll, AssemblyResolver.OnResolve: Microsoft.TestPlatform.TestHostRuntimeProvider: Searching in: 'C:\Program Files\dotnet\sdk\5.0.409\Extensions'.
TpTrace Information: 0 : 13392, 1, 2022/07/08, 13:26:08.599, 132162581537, vstest.console.dll, AssemblyResolver.OnResolve: Microsoft.TestPlatform.TestHostRuntimeProvider: Loading assembly 'C:\Program Files\dotnet\sdk\5.0.409\Extensions\Microsoft.TestPlatform.TestHostRuntimeProvider.dll'.
TpTrace Information: 0 : 13392, 1, 2022/07/08, 13:26:08.599, 132162584527, vstest.console.dll, AssemblyResolver.OnResolve: Resolved assembly: Microsoft.TestPlatform.TestHostRuntimeProvider, from path: C:\Program Files\dotnet\sdk\5.0.409\Extensions\Microsoft.TestPlatform.TestHostRuntimeProvider.dll
TpTrace Information: 0 : 13392, 1, 2022/07/08, 13:26:08.600, 132162591954, vstest.console.dll, AssemblyResolver.OnResolve: Microsoft.VisualStudio.TestPlatform.Extensions.Html.TestLogger: Resolving assembly.
TpTrace Information: 0 : 13392, 1, 2022/07/08, 13:26:08.600, 132162592274, vstest.console.dll, AssemblyResolver.OnResolve: Microsoft.VisualStudio.TestPlatform.Extensions.Html.TestLogger: Searching in: 'C:\Program Files\dotnet\sdk\5.0.409\Extensions'.
TpTrace Information: 0 : 13392, 1, 2022/07/08, 13:26:08.600, 132162594695, vstest.console.dll, AssemblyResolver.OnResolve: Microsoft.VisualStudio.TestPlatform.Extensions.Html.TestLogger: Loading assembly 'C:\Program Files\dotnet\sdk\5.0.409\Extensions\Microsoft.VisualStudio.TestPlatform.Extensions.Html.TestLogger.dll'.
TpTrace Information: 0 : 13392, 1, 2022/07/08, 13:26:08.600, 132162597754, vstest.console.dll, AssemblyResolver.OnResolve: Resolved assembly: Microsoft.VisualStudio.TestPlatform.Extensions.Html.TestLogger, from path: C:\Program Files\dotnet\sdk\5.0.409\Extensions\Microsoft.VisualStudio.TestPlatform.Extensions.Html.TestLogger.dll
TpTrace Information: 0 : 13392, 1, 2022/07/08, 13:26:08.600, 132162599480, vstest.console.dll, AssemblyResolver.OnResolve: Microsoft.VisualStudio.TestPlatform.Extensions.Trx.TestLogger: Resolving assembly.
TpTrace Information: 0 : 13392, 1, 2022/07/08, 13:26:08.600, 132162599842, vstest.console.dll, AssemblyResolver.OnResolve: Microsoft.VisualStudio.TestPlatform.Extensions.Trx.TestLogger: Searching in: 'C:\Program Files\dotnet\sdk\5.0.409\Extensions'.
TpTrace Information: 0 : 13392, 1, 2022/07/08, 13:26:08.601, 132162601991, vstest.console.dll, AssemblyResolver.OnResolve: Microsoft.VisualStudio.TestPlatform.Extensions.Trx.TestLogger: Loading assembly 'C:\Program Files\dotnet\sdk\5.0.409\Extensions\Microsoft.VisualStudio.TestPlatform.Extensions.Trx.TestLogger.dll'.
TpTrace Information: 0 : 13392, 1, 2022/07/08, 13:26:08.601, 132162604933, vstest.console.dll, AssemblyResolver.OnResolve: Resolved assembly: Microsoft.VisualStudio.TestPlatform.Extensions.Trx.TestLogger, from path: C:\Program Files\dotnet\sdk\5.0.409\Extensions\Microsoft.VisualStudio.TestPlatform.Extensions.Trx.TestLogger.dll
TpTrace Verbose: 0 : 13392, 1, 2022/07/08, 13:26:08.601, 132162607786, vstest.console.dll, TestPluginCache: Discovered the extensions using extension path ''.
TpTrace Verbose: 0 : 13392, 1, 2022/07/08, 13:26:08.601, 132162608097, vstest.console.dll, TestPluginCache: Discoverers are ''.
TpTrace Verbose: 0 : 13392, 1, 2022/07/08, 13:26:08.601, 132162608233, vstest.console.dll, TestPluginCache: Executors are ''.
TpTrace Verbose: 0 : 13392, 1, 2022/07/08, 13:26:08.601, 132162608360, vstest.console.dll, TestPluginCache: Executors2 are ''.
TpTrace Verbose: 0 : 13392, 1, 2022/07/08, 13:26:08.601, 132162608484, vstest.console.dll, TestPluginCache: Setting providers are ''.
TpTrace Verbose: 0 : 13392, 1, 2022/07/08, 13:26:08.601, 132162608609, vstest.console.dll, TestPluginCache: Loggers are ''.
TpTrace Information: 0 : 13392, 1, 2022/07/08, 13:26:08.604, 132162636782, vstest.console.dll, RunTestsArgumentProcessor:Execute: Test run is starting.
TpTrace Verbose: 0 : 13392, 1, 2022/07/08, 13:26:08.604, 132162637219, vstest.console.dll, RunTestsArgumentProcessor:Execute: Queuing Test run.
TpTrace Information: 0 : 13392, 1, 2022/07/08, 13:26:08.604, 132162638322, vstest.console.dll, TestRequestManager.RunTests: run tests started.
TpTrace Information: 0 : 13392, 1, 2022/07/08, 13:26:08.607, 132162662000, vstest.console.dll, AssemblyMetadataProvider.GetFrameWork: Determined framework:'.NETCoreApp,Version=v3.1' for source: 'C:\Users\thiag\OneDrive\Área de Trabalho\SistemaCompras-v3\SistemaCompra.Domain.Test\bin\Debug\netcoreapp3.1\fine-code-coverage\build-output\SistemaCompra.Domain.Test.dll'
TpTrace Information: 0 : 13392, 1, 2022/07/08, 13:26:08.607, 132162662974, vstest.console.dll, Determined framework for all sources: .NETCoreApp,Version=v3.1
TpTrace Information: 0 : 13392, 1, 2022/07/08, 13:26:08.607, 132162665521, vstest.console.dll, AssemblyMetadataProvider.GetArchitecture: Determined architecture:AnyCPU info for assembly: C:\Users\thiag\OneDrive\Área de Trabalho\SistemaCompras-v3\SistemaCompra.Domain.Test\bin\Debug\netcoreapp3.1\fine-code-coverage\build-output\SistemaCompra.Domain.Test.dll
TpTrace Information: 0 : 13392, 1, 2022/07/08, 13:26:08.608, 132162677452, vstest.console.dll, Determined platform for all sources: X64
TpTrace Information: 0 : 13392, 1, 2022/07/08, 13:26:08.610, 132162693741, vstest.console.dll, Compatible sources list : 
TpTrace Information: 0 : 13392, 1, 2022/07/08, 13:26:08.610, 132162694231, vstest.console.dll, C:\Users\thiag\OneDrive\Área de Trabalho\SistemaCompras-v3\SistemaCompra.Domain.Test\bin\Debug\netcoreapp3.1\fine-code-coverage\build-output\SistemaCompra.Domain.Test.dll
TpTrace Information: 0 : 13392, 1, 2022/07/08, 13:26:08.611, 132162709325, vstest.console.dll, InferRunSettingsHelper.IsTestSettingsEnabled: Unable to navigate to RunSettings/MSTest. Current node: RunSettings
TpTrace Information: 0 : 13392, 1, 2022/07/08, 13:26:08.612, 132162713593, vstest.console.dll, AssemblyResolver.OnResolve: Microsoft.VisualStudio.TestPlatform.Fakes: Resolving assembly.
TpTrace Information: 0 : 13392, 1, 2022/07/08, 13:26:08.612, 132162713962, vstest.console.dll, AssemblyResolver.OnResolve: Microsoft.VisualStudio.TestPlatform.Fakes: Searching in: 'C:\Program Files\dotnet\sdk\5.0.409\Extensions'.
TpTrace Information: 0 : 13392, 1, 2022/07/08, 13:26:08.612, 132162714755, vstest.console.dll, AssemblyResolver.OnResolve: Microsoft.VisualStudio.TestPlatform.Fakes: Assembly path does not exist: 'C:\Program Files\dotnet\sdk\5.0.409\Extensions\Microsoft.VisualStudio.TestPlatform.Fakes.dll', returning.
TpTrace Information: 0 : 13392, 1, 2022/07/08, 13:26:08.612, 132162715152, vstest.console.dll, AssemblyResolver.OnResolve: Microsoft.VisualStudio.TestPlatform.Fakes: Assembly path does not exist: 'C:\Program Files\dotnet\sdk\5.0.409\Extensions\Microsoft.VisualStudio.TestPlatform.Fakes.exe', returning.
TpTrace Information: 0 : 13392, 1, 2022/07/08, 13:26:08.612, 132162715305, vstest.console.dll, AssemblyResolver.OnResolve: Microsoft.VisualStudio.TestPlatform.Fakes: Searching in: 'C:\Program Files\dotnet\sdk\5.0.409'.
TpTrace Information: 0 : 13392, 1, 2022/07/08, 13:26:08.612, 132162715705, vstest.console.dll, AssemblyResolver.OnResolve: Microsoft.VisualStudio.TestPlatform.Fakes: Assembly path does not exist: 'C:\Program Files\dotnet\sdk\5.0.409\Microsoft.VisualStudio.TestPlatform.Fakes.dll', returning.
TpTrace Information: 0 : 13392, 1, 2022/07/08, 13:26:08.612, 132162716033, vstest.console.dll, AssemblyResolver.OnResolve: Microsoft.VisualStudio.TestPlatform.Fakes: Assembly path does not exist: 'C:\Program Files\dotnet\sdk\5.0.409\Microsoft.VisualStudio.TestPlatform.Fakes.exe', returning.
TpTrace Information: 0 : 13392, 1, 2022/07/08, 13:26:08.612, 132162716180, vstest.console.dll, AssemblyResolver.OnResolve: Microsoft.VisualStudio.TestPlatform.Fakes: Failed to load assembly.
TpTrace Information: 0 : 13392, 1, 2022/07/08, 13:26:08.612, 132162718016, vstest.console.dll, Failed to create newly implemented Fakes Configurator. Reason:System.IO.FileNotFoundException: Could not load file or assembly 'Microsoft.VisualStudio.TestPlatform.Fakes, Version=16.0.0.0, Culture=neutral, PublicKeyToken=null'. The system cannot find the file specified.
File name: 'Microsoft.VisualStudio.TestPlatform.Fakes, Version=16.0.0.0, Culture=neutral, PublicKeyToken=null'
   at System.Reflection.RuntimeAssembly.InternalLoad(ObjectHandleOnStack assemblyName, ObjectHandleOnStack requestingAssembly, StackCrawlMarkHandle stackMark, Boolean throwOnFileNotFound, ObjectHandleOnStack assemblyLoadContext, ObjectHandleOnStack retAssembly)
   at System.Reflection.RuntimeAssembly.InternalLoad(AssemblyName assemblyName, RuntimeAssembly requestingAssembly, StackCrawlMark& stackMark, Boolean throwOnFileNotFound, AssemblyLoadContext assemblyLoadContext)
   at System.Reflection.Assembly.Load(AssemblyName assemblyRef)
   at Microsoft.VisualStudio.TestPlatform.Common.Utilities.FakesUtilities.TryGetFakesCrossPlatformDataCollectorConfigurator() 
TpTrace Verbose: 0 : 13392, 1, 2022/07/08, 13:26:08.615, 132162741758, vstest.console.dll, TestPluginCache.DiscoverTestExtensions: finding test extensions in assemblies ends with: TestLogger.dll TPluginInfo: Microsoft.VisualStudio.TestPlatform.Common.ExtensionFramework.Utilities.TestLoggerPluginInformation TExtension: Microsoft.VisualStudio.TestPlatform.ObjectModel.Client.ITestLogger
TpTrace Verbose: 0 : 13392, 1, 2022/07/08, 13:26:08.615, 132162742265, vstest.console.dll, TestPluginCache.GetExtensionPaths: Filtered extension paths: 
TpTrace Verbose: 0 : 13392, 1, 2022/07/08, 13:26:08.615, 132162742445, vstest.console.dll, TestPluginCache.GetExtensionPaths: Added default extension paths: C:\Program Files\dotnet\sdk\5.0.409\Extensions\Microsoft.Diagnostics.NETCore.Client.dll
C:\Program Files\dotnet\sdk\5.0.409\Extensions\Microsoft.TestPlatform.Extensions.BlameDataCollector.dll
C:\Program Files\dotnet\sdk\5.0.409\Extensions\Microsoft.TestPlatform.Extensions.EventLogCollector.dll
C:\Program Files\dotnet\sdk\5.0.409\Extensions\Microsoft.TestPlatform.TestHostRuntimeProvider.dll
C:\Program Files\dotnet\sdk\5.0.409\Extensions\Microsoft.VisualStudio.TestPlatform.Extensions.Html.TestLogger.dll
C:\Program Files\dotnet\sdk\5.0.409\Extensions\Microsoft.VisualStudio.TestPlatform.Extensions.Trx.TestLogger.dll
TpTrace Verbose: 0 : 13392, 1, 2022/07/08, 13:26:08.615, 132162742623, vstest.console.dll, TestPluginCache.GetExtensionPaths: Added unfilterableExtensionPaths: 
TpTrace Information: 0 : 13392, 1, 2022/07/08, 13:26:08.615, 132162743536, vstest.console.dll, AssemblyResolver.AddSearchDirectories: Adding more searchDirectories C:\Program Files\dotnet\sdk\5.0.409\Extensions,C:\Program Files\dotnet\sdk\5.0.409
TpTrace Verbose: 0 : 13392, 1, 2022/07/08, 13:26:08.615, 132162743783, vstest.console.dll, TestPluginCache.DiscoverTestExtensions: Discovering the extensions using extension path.
TpTrace Verbose: 0 : 13392, 1, 2022/07/08, 13:26:08.615, 132162743966, vstest.console.dll, TestPluginCache.GetExtensionPaths: Filtered extension paths: 
TpTrace Verbose: 0 : 13392, 1, 2022/07/08, 13:26:08.615, 132162744138, vstest.console.dll, TestPluginCache.GetExtensionPaths: Added default extension paths: C:\Program Files\dotnet\sdk\5.0.409\Extensions\Microsoft.Diagnostics.NETCore.Client.dll
C:\Program Files\dotnet\sdk\5.0.409\Extensions\Microsoft.TestPlatform.Extensions.BlameDataCollector.dll
C:\Program Files\dotnet\sdk\5.0.409\Extensions\Microsoft.TestPlatform.Extensions.EventLogCollector.dll
C:\Program Files\dotnet\sdk\5.0.409\Extensions\Microsoft.TestPlatform.TestHostRuntimeProvider.dll
C:\Program Files\dotnet\sdk\5.0.409\Extensions\Microsoft.VisualStudio.TestPlatform.Extensions.Html.TestLogger.dll
C:\Program Files\dotnet\sdk\5.0.409\Extensions\Microsoft.VisualStudio.TestPlatform.Extensions.Trx.TestLogger.dll
TpTrace Verbose: 0 : 13392, 1, 2022/07/08, 13:26:08.615, 132162744290, vstest.console.dll, TestPluginCache.GetExtensionPaths: Added unfilterableExtensionPaths: 
TpTrace Verbose: 0 : 13392, 1, 2022/07/08, 13:26:08.615, 132162744469, vstest.console.dll, TestPluginCache.DiscoverTestExtensions: Discovering the extensions using allExtensionPaths: C:\Program Files\dotnet\sdk\5.0.409\Extensions\Microsoft.Diagnostics.NETCore.Client.dll
C:\Program Files\dotnet\sdk\5.0.409\Extensions\Microsoft.TestPlatform.Extensions.BlameDataCollector.dll
C:\Program Files\dotnet\sdk\5.0.409\Extensions\Microsoft.TestPlatform.Extensions.EventLogCollector.dll
C:\Program Files\dotnet\sdk\5.0.409\Extensions\Microsoft.TestPlatform.TestHostRuntimeProvider.dll
C:\Program Files\dotnet\sdk\5.0.409\Extensions\Microsoft.VisualStudio.TestPlatform.Extensions.Html.TestLogger.dll
C:\Program Files\dotnet\sdk\5.0.409\Extensions\Microsoft.VisualStudio.TestPlatform.Extensions.Trx.TestLogger.dll
TpTrace Information: 0 : 13392, 1, 2022/07/08, 13:26:08.615, 132162744716, vstest.console.dll, AssemblyResolver.AddSearchDirectories: Adding more searchDirectories C:\Program Files\dotnet\sdk\5.0.409\Extensions,C:\Program Files\dotnet\sdk\5.0.409
TpTrace Information: 0 : 13392, 1, 2022/07/08, 13:26:08.615, 132162744908, vstest.console.dll, AssemblyResolver.AddSearchDirectories: Adding more searchDirectories C:\Program Files\dotnet\sdk\5.0.409\Extensions,C:\Program Files\dotnet\sdk\5.0.409
TpTrace Information: 0 : 13392, 1, 2022/07/08, 13:26:08.615, 132162745055, vstest.console.dll, AssemblyResolver.AddSearchDirectories: Adding more searchDirectories C:\Program Files\dotnet\sdk\5.0.409\Extensions,C:\Program Files\dotnet\sdk\5.0.409
TpTrace Information: 0 : 13392, 1, 2022/07/08, 13:26:08.615, 132162745199, vstest.console.dll, AssemblyResolver.AddSearchDirectories: Adding more searchDirectories C:\Program Files\dotnet\sdk\5.0.409\Extensions,C:\Program Files\dotnet\sdk\5.0.409
TpTrace Information: 0 : 13392, 1, 2022/07/08, 13:26:08.615, 132162745384, vstest.console.dll, AssemblyResolver.AddSearchDirectories: Adding more searchDirectories C:\Program Files\dotnet\sdk\5.0.409\Extensions,C:\Program Files\dotnet\sdk\5.0.409
TpTrace Information: 0 : 13392, 1, 2022/07/08, 13:26:08.615, 132162745531, vstest.console.dll, AssemblyResolver.AddSearchDirectories: Adding more searchDirectories C:\Program Files\dotnet\sdk\5.0.409\Extensions,C:\Program Files\dotnet\sdk\5.0.409
TpTrace Information: 0 : 13392, 1, 2022/07/08, 13:26:08.615, 132162746919, vstest.console.dll, AssemblyResolver.OnResolve: Microsoft.Bcl.AsyncInterfaces: Resolving assembly.
TpTrace Information: 0 : 13392, 1, 2022/07/08, 13:26:08.615, 132162747148, vstest.console.dll, AssemblyResolver.OnResolve: Microsoft.Bcl.AsyncInterfaces: Resolved from cache.
TpTrace Verbose: 0 : 13392, 1, 2022/07/08, 13:26:08.615, 132162747364, vstest.console.dll, CurrentDomainAssemblyResolve: Resolving assembly 'Microsoft.Bcl.AsyncInterfaces'.
TpTrace Information: 0 : 13392, 1, 2022/07/08, 13:26:08.615, 132162747588, vstest.console.dll, AssemblyResolver.OnResolve: Microsoft.Bcl.AsyncInterfaces: Resolving assembly.
TpTrace Information: 0 : 13392, 1, 2022/07/08, 13:26:08.615, 132162747730, vstest.console.dll, AssemblyResolver.OnResolve: Microsoft.Bcl.AsyncInterfaces: Resolved from cache.
TpTrace Verbose: 0 : 13392, 1, 2022/07/08, 13:26:08.615, 132162747872, vstest.console.dll, CurrentDomainAssemblyResolve: Resolving assembly 'Microsoft.Bcl.AsyncInterfaces'.
TpTrace Verbose: 0 : 13392, 1, 2022/07/08, 13:26:08.615, 132162748003, vstest.console.dll, CurrentDomainAssemblyResolve: Failed to resolve assembly 'Microsoft.Bcl.AsyncInterfaces'.
TpTrace Verbose: 0 : 13392, 1, 2022/07/08, 13:26:08.615, 132162749109, vstest.console.dll, CurrentDomainAssemblyResolve: Failed to resolve assembly 'Microsoft.Bcl.AsyncInterfaces'.
TpTrace Warning: 0 : 13392, 1, 2022/07/08, 13:26:08.616, 132162751343, vstest.console.dll, TestPluginDiscoverer: Failed to get types from assembly 'Microsoft.Diagnostics.NETCore.Client, Version=0.2.2.41902, Culture=neutral, PublicKeyToken=31bf3856ad364e35'.  Skipping test extension scan for this assembly.  Error: System.Reflection.ReflectionTypeLoadException: Unable to load one or more of the requested types.
Could not load file or assembly 'Microsoft.Bcl.AsyncInterfaces, Version=1.0.0.0, Culture=neutral, PublicKeyToken=cc7b13ffcd2ddd51'. The system cannot find the file specified.
   at System.Reflection.RuntimeModule.GetTypes(RuntimeModule module)
   at System.Reflection.Assembly.GetTypes()
   at Microsoft.VisualStudio.TestPlatform.Common.ExtensionFramework.TestPluginDiscoverer.GetTestExtensionsFromAssembly[TPluginInfo,TExtension](Assembly assembly, Dictionary`2 pluginInfos)
System.IO.FileNotFoundException: Could not load file or assembly 'Microsoft.Bcl.AsyncInterfaces, Version=1.0.0.0, Culture=neutral, PublicKeyToken=cc7b13ffcd2ddd51'. The system cannot find the file specified.
File name: 'Microsoft.Bcl.AsyncInterfaces, Version=1.0.0.0, Culture=neutral, PublicKeyToken=cc7b13ffcd2ddd51'
 ---> System.IO.FileNotFoundException: Could not load file or assembly 'Microsoft.Bcl.AsyncInterfaces, Culture=neutral, PublicKeyToken=null'. The system cannot find the file specified.
File name: 'Microsoft.Bcl.AsyncInterfaces, Culture=neutral, PublicKeyToken=null'
   at System.Reflection.RuntimeAssembly.InternalLoad(ObjectHandleOnStack assemblyName, ObjectHandleOnStack requestingAssembly, StackCrawlMarkHandle stackMark, Boolean throwOnFileNotFound, ObjectHandleOnStack assemblyLoadContext, ObjectHandleOnStack retAssembly)
   at System.Reflection.RuntimeAssembly.InternalLoad(AssemblyName assemblyName, RuntimeAssembly requestingAssembly, StackCrawlMark& stackMark, Boolean throwOnFileNotFound, AssemblyLoadContext assemblyLoadContext)
   at System.Reflection.Assembly.Load(AssemblyName assemblyRef)
   at Microsoft.VisualStudio.TestPlatform.Common.ExtensionFramework.TestPluginCache.CurrentDomainAssemblyResolve(Object sender, AssemblyResolveEventArgs args)
   at Microsoft.VisualStudio.TestPlatform.PlatformAbstractions.PlatformAssemblyResolver.AssemblyResolverEvent(Object sender, Object eventArgs)
   at System.Runtime.Loader.AssemblyLoadContext.GetFirstResolvedAssemblyFromResolvingEvent(AssemblyName assemblyName)
   at System.Runtime.Loader.AssemblyLoadContext.ResolveUsingEvent(AssemblyName assemblyName)
   at System.Runtime.Loader.AssemblyLoadContext.ResolveUsingResolvingEvent(IntPtr gchManagedAssemblyLoadContext, AssemblyName assemblyName)
TpTrace Warning: 0 : 13392, 1, 2022/07/08, 13:26:08.616, 132162752586, vstest.console.dll, LoaderExceptions: System.IO.FileNotFoundException: Could not load file or assembly 'Microsoft.Bcl.AsyncInterfaces, Version=1.0.0.0, Culture=neutral, PublicKeyToken=cc7b13ffcd2ddd51'. The system cannot find the file specified.
File name: 'Microsoft.Bcl.AsyncInterfaces, Version=1.0.0.0, Culture=neutral, PublicKeyToken=cc7b13ffcd2ddd51'
 ---> System.IO.FileNotFoundException: Could not load file or assembly 'Microsoft.Bcl.AsyncInterfaces, Culture=neutral, PublicKeyToken=null'. The system cannot find the file specified.
File name: 'Microsoft.Bcl.AsyncInterfaces, Culture=neutral, PublicKeyToken=null'
   at System.Reflection.RuntimeAssembly.InternalLoad(ObjectHandleOnStack assemblyName, ObjectHandleOnStack requestingAssembly, StackCrawlMarkHandle stackMark, Boolean throwOnFileNotFound, ObjectHandleOnStack assemblyLoadContext, ObjectHandleOnStack retAssembly)
   at System.Reflection.RuntimeAssembly.InternalLoad(AssemblyName assemblyName, RuntimeAssembly requestingAssembly, StackCrawlMark& stackMark, Boolean throwOnFileNotFound, AssemblyLoadContext assemblyLoadContext)
   at System.Reflection.Assembly.Load(AssemblyName assemblyRef)
   at Microsoft.VisualStudio.TestPlatform.Common.ExtensionFramework.TestPluginCache.CurrentDomainAssemblyResolve(Object sender, AssemblyResolveEventArgs args)
   at Microsoft.VisualStudio.TestPlatform.PlatformAbstractions.PlatformAssemblyResolver.AssemblyResolverEvent(Object sender, Object eventArgs)
   at System.Runtime.Loader.AssemblyLoadContext.GetFirstResolvedAssemblyFromResolvingEvent(AssemblyName assemblyName)
   at System.Runtime.Loader.AssemblyLoadContext.ResolveUsingEvent(AssemblyName assemblyName)
   at System.Runtime.Loader.AssemblyLoadContext.ResolveUsingResolvingEvent(IntPtr gchManagedAssemblyLoadContext, AssemblyName assemblyName)
TpTrace Verbose: 0 : 13392, 1, 2022/07/08, 13:26:08.616, 132162754949, vstest.console.dll, TestPluginCache: Discovered the extensions using extension path ''.
TpTrace Verbose: 0 : 13392, 1, 2022/07/08, 13:26:08.616, 132162755385, vstest.console.dll, TestPluginCache: Discoverers are ''.
TpTrace Verbose: 0 : 13392, 1, 2022/07/08, 13:26:08.616, 132162755519, vstest.console.dll, TestPluginCache: Executors are ''.
TpTrace Verbose: 0 : 13392, 1, 2022/07/08, 13:26:08.616, 132162755645, vstest.console.dll, TestPluginCache: Executors2 are ''.
TpTrace Verbose: 0 : 13392, 1, 2022/07/08, 13:26:08.616, 132162755768, vstest.console.dll, TestPluginCache: Setting providers are ''.
TpTrace Verbose: 0 : 13392, 1, 2022/07/08, 13:26:08.616, 132162756168, vstest.console.dll, TestPluginCache: Loggers are 'logger://Microsoft/TestPlatform/Extensions/Blame/v1,logger://Microsoft/TestPlatform/HtmlLogger/v1,logger://Microsoft/TestPlatform/TrxLogger/v1'.
TpTrace Information: 0 : 13392, 1, 2022/07/08, 13:26:08.616, 132162760756, vstest.console.dll, TestPluginManager.CreateTestExtension: Attempting to load test extension: Microsoft.TestPlatform.Extensions.BlameDataCollector.BlameLogger
TpTrace Information: 0 : 13392, 1, 2022/07/08, 13:26:08.620, 132162793892, vstest.console.dll, TestPluginManager.CreateTestExtension: Attempting to load test extension: Microsoft.VisualStudio.TestPlatform.CrossPlatEngine.Hosting.DefaultTestHostManager
TpTrace Information: 0 : 13392, 1, 2022/07/08, 13:26:08.620, 132162795342, vstest.console.dll, TestPluginManager.CreateTestExtension: Attempting to load test extension: Microsoft.VisualStudio.TestPlatform.CrossPlatEngine.Hosting.DotnetTestHostManager
TpTrace Verbose: 0 : 13392, 1, 2022/07/08, 13:26:08.620, 132162798030, vstest.console.dll, TestEngine: Initializing Parallel Execution as MaxCpuCount is set to: 1
TpTrace Information: 0 : 13392, 1, 2022/07/08, 13:26:08.621, 132162801417, vstest.console.dll, InferRunSettingsHelper.IsTestSettingsEnabled: Unable to navigate to RunSettings/MSTest. Current node: RunSettings
TpTrace Verbose: 0 : 13392, 1, 2022/07/08, 13:26:08.629, 132162890514, vstest.console.dll, TestRequestSender is acting as server
TpTrace Verbose: 0 : 13392, 5, 2022/07/08, 13:26:08.632, 132162919970, vstest.console.dll, DataCollectionRequestSender.InitializeCommunication : Initialize communication. 
TpTrace Information: 0 : 13392, 5, 2022/07/08, 13:26:08.636, 132162953668, vstest.console.dll, Listening on Endpoint : 127.0.0.1:51031
TpTrace Verbose: 0 : 13392, 5, 2022/07/08, 13:26:08.649, 132163084255, vstest.console.dll, DotnetDataCollectionLauncher: Full path of dotnet.exe is C:\Program Files\dotnet\dotnet.exe
TpTrace Verbose: 0 : 13392, 5, 2022/07/08, 13:26:08.649, 132163085699, vstest.console.dll, DotnetDataCollectionLauncher: Adding  --runtimeconfig "C:\Program Files\dotnet\sdk\5.0.409\datacollector.runtimeconfig.json" in args
TpTrace Verbose: 0 : 13392, 5, 2022/07/08, 13:26:08.649, 132163086165, vstest.console.dll, DotnetDataCollectionLauncher: Adding  --depsfile "C:\Program Files\dotnet\sdk\5.0.409\datacollector.deps.json" in args
TpTrace Information: 0 : 13392, 5, 2022/07/08, 13:26:08.655, 132163149787, vstest.console.dll, ProxyDataCollectionManager.Initialize: Launched datacollector processId: 9344 port: 51031
TpTrace Information: 0 : 13392, 5, 2022/07/08, 13:26:08.656, 132163151528, vstest.console.dll, ProxyDataCollectionManager.Initialize: waiting for connection with timeout: 90 seconds
TpTrace Verbose: 0 : 13392, 5, 2022/07/08, 13:26:08.656, 132163152037, vstest.console.dll, DataCollectionRequestSender.WaitForRequestHandlerConnection : Waiting for connection with timeout: 90000
TpTrace Information: 0 : 13392, 8, 2022/07/08, 13:26:08.751, 132164102930, vstest.console.dll, Using the buffer size of 16384 bytes
TpTrace Verbose: 0 : 13392, 5, 2022/07/08, 13:26:08.751, 132164103609, vstest.console.dll, ProxyDataCollectionManager.InvokeDataCollectionServiceAction: Starting.
TpTrace Information: 0 : 13392, 5, 2022/07/08, 13:26:08.751, 132164104827, vstest.console.dll, ProxyDataCollectionManager.BeforeTestRunStart: Get environment variable and port for datacollector processId: 9344 port: 51031
TpTrace Information: 0 : 13392, 8, 2022/07/08, 13:26:08.751, 132164104802, vstest.console.dll, Accepted Client request and set the flag
TpTrace Verbose: 0 : 13392, 5, 2022/07/08, 13:26:08.751, 132164105857, vstest.console.dll, DataCollectionRequestSender.SendBeforeTestRunStartAndGetResult : Send BeforeTestRunStart message with settingsXml <RunSettings><RunConfiguration><ResultsDirectory>C:\Users\thiag\OneDrive\Área de Trabalho\SistemaCompras-v3\SistemaCompra.Domain.Test\bin\Debug\netcoreapp3.1\fine-code-coverage\coverage-tool-output</ResultsDirectory><TargetPlatform>X64</TargetPlatform><TargetFrameworkVersion>.NETCoreApp,Version=v3.1</TargetFrameworkVersion><DesignMode>False</DesignMode><CollectSourceInformation>False</CollectSourceInformation><TestAdaptersPaths>C:\Program Files\dotnet\sdk\5.0.409\Extensions</TestAdaptersPaths></RunConfiguration><LoggerRunSettings><Loggers><Logger friendlyName="blame" enabled="True" /><Logger friendlyName="Console" uri="logger://microsoft/TestPlatform/ConsoleLogger/v1" assemblyQualifiedName="Microsoft.VisualStudio.TestPlatform.CommandLine.Internal.ConsoleLogger, vstest.console, Version=15.0.0.0, Culture=neutral, PublicKeyToken=b03f5f7f11d50a3a" codeBase="C:\Program Files\dotnet\sdk\5.0.409\vstest.console.dll" enabled="True" /></Loggers></LoggerRunSettings><DataCollectionRunSettings><DataCollectors><DataCollector friendlyName="blame" enabled="True"><Configuration><ResultsDirectory>C:\Users\thiag\OneDrive\Área de Trabalho\SistemaCompras-v3\SistemaCompra.Domain.Test\bin\Debug\netcoreapp3.1\fine-code-coverage\coverage-tool-output</ResultsDirectory></Configuration></DataCollector></DataCollectors></DataCollectionRunSettings></RunSettings> and sources System.Linq.Enumerable+Concat2Iterator`1[System.String]: 
TpTrace Verbose: 0 : 13392, 5, 2022/07/08, 13:26:08.793, 132164521860, vstest.console.dll, DataCollectionRequestSender.SendBeforeTestRunStartAndGetResult : Received message: (DataCollection.SendMessage) -> {
  "FriendlyName": null,
  "Uri": null,
  "TestCaseId": "00000000-0000-0000-0000-000000000000",
  "Message": "Logging DataCollector Diagnostics in file: C:\\Users\\thiag\\OneDrive\\Área de Trabalho\\SistemaCompras-v3\\SistemaCompra.Domain.Test\\bin\\Debug\\netcoreapp3.1\\fine-code-coverage\\coverage-tool-output\\diagnostics.datacollector.22-07-08_13-26-08_64397_5.log",
  "Level": 0
}
TpTrace Verbose: 0 : 13392, 5, 2022/07/08, 13:26:08.840, 132164995158, vstest.console.dll, DataCollectionRequestSender.SendBeforeTestRunStartAndGetResult : Received message: (DataCollection.BeforeTestRunStartResult) -> {
  "EnvironmentVariables": {},
  "DataCollectionEventsPort": 51033
}
TpTrace Information: 0 : 13392, 5, 2022/07/08, 13:26:08.843, 132165029108, vstest.console.dll, ProxyDataCollectionManager.BeforeTestRunStart: SendBeforeTestRunStartAndGetResult successful, env variable from datacollector:   and testhost port: 51033
TpTrace Information: 0 : 13392, 5, 2022/07/08, 13:26:08.843, 132165029681, vstest.console.dll, ProxyDataCollectionManager.InvokeDataCollectionServiceAction: Completed.
TpTrace Verbose: 0 : 13392, 1, 2022/07/08, 13:26:08.844, 132165031420, vstest.console.dll, TestRunRequest.ExecuteAsync: Creating test run request.
TpTrace Verbose: 0 : 13392, 1, 2022/07/08, 13:26:08.844, 132165033111, vstest.console.dll, TestRunRequest.ExecuteAsync: Starting.
TpTrace Information: 0 : 13392, 1, 2022/07/08, 13:26:08.844, 132165035237, vstest.console.dll, TestRunRequest.ExecuteAsync: Starting run with settings:TestRunCriteria:
   KeepAlive=False,FrequencyOfRunStatsChangeEvent=10,RunStatsChangeEventTimeout=00:00:01.5000000,TestCaseFilter=,TestExecutorLauncher=
   Settingsxml=<RunSettings>
  <RunConfiguration>
    <ResultsDirectory>C:\Users\thiag\OneDrive\Área de Trabalho\SistemaCompras-v3\SistemaCompra.Domain.Test\bin\Debug\netcoreapp3.1\fine-code-coverage\coverage-tool-output</ResultsDirectory>
    <TargetPlatform>X64</TargetPlatform>
    <TargetFrameworkVersion>.NETCoreApp,Version=v3.1</TargetFrameworkVersion>
    <DesignMode>False</DesignMode>
    <CollectSourceInformation>False</CollectSourceInformation>
  </RunConfiguration>
  <LoggerRunSettings>
    <Loggers>
      <Logger friendlyName="blame" enabled="True" />
      <Logger friendlyName="Console" uri="logger://microsoft/TestPlatform/ConsoleLogger/v1" assemblyQualifiedName="Microsoft.VisualStudio.TestPlatform.CommandLine.Internal.ConsoleLogger, vstest.console, Version=15.0.0.0, Culture=neutral, PublicKeyToken=b03f5f7f11d50a3a" codeBase="C:\Program Files\dotnet\sdk\5.0.409\vstest.console.dll" enabled="True" />
    </Loggers>
  </LoggerRunSettings>
  <DataCollectionRunSettings>
    <DataCollectors>
      <DataCollector friendlyName="blame" enabled="True">
        <Configuration>
          <ResultsDirectory>C:\Users\thiag\OneDrive\Área de Trabalho\SistemaCompras-v3\SistemaCompra.Domain.Test\bin\Debug\netcoreapp3.1\fine-code-coverage\coverage-tool-output</ResultsDirectory>
        </Configuration>
      </DataCollector>
    </DataCollectors>
  </DataCollectionRunSettings>
</RunSettings>

TpTrace Verbose: 0 : 13392, 1, 2022/07/08, 13:26:08.844, 132165035567, vstest.console.dll, TestRunRequest.ExecuteAsync: Wait for the first run request is over.
TpTrace Verbose: 0 : 13392, 1, 2022/07/08, 13:26:08.844, 132165038312, vstest.console.dll, ParallelProxyExecutionManager: Start execution. Total sources: 1
TpTrace Information: 0 : 13392, 1, 2022/07/08, 13:26:08.845, 132165041837, vstest.console.dll, ProxyParallelExecutionManager: Triggering test run for next source: C:\Users\thiag\OneDrive\Área de Trabalho\SistemaCompras-v3\SistemaCompra.Domain.Test\bin\Debug\netcoreapp3.1\fine-code-coverage\build-output\SistemaCompra.Domain.Test.dll
TpTrace Verbose: 0 : 13392, 1, 2022/07/08, 13:26:08.845, 132165043385, vstest.console.dll, ProxyParallelExecutionManager: No sources available for execution.
TpTrace Verbose: 0 : 13392, 5, 2022/07/08, 13:26:08.845, 132165043422, vstest.console.dll, ParallelProxyExecutionManager: Execution started. Started clients: 1
TpTrace Information: 0 : 13392, 1, 2022/07/08, 13:26:08.845, 132165043717, vstest.console.dll, TestRunRequest.ExecuteAsync: Started.
TpTrace Verbose: 0 : 13392, 1, 2022/07/08, 13:26:08.845, 132165044660, vstest.console.dll, TestRunRequest.WaitForCompletion: Waiting with timeout -1.
TpTrace Verbose: 0 : 13392, 5, 2022/07/08, 13:26:08.845, 132165045432, vstest.console.dll, TestRunRequest:SendTestRunMessage: Starting.
TpTrace Information: 0 : 13392, 5, 2022/07/08, 13:26:08.845, 132165045992, vstest.console.dll, TestRunRequest:SendTestRunMessage: Completed.
TpTrace Verbose: 0 : 13392, 5, 2022/07/08, 13:26:08.845, 132165047250, vstest.console.dll, ProxyExecutionManager: Test host is always Lazy initialize.
TpTrace Verbose: 0 : 13392, 5, 2022/07/08, 13:26:08.845, 132165048548, vstest.console.dll, TestRequestSender.InitializeCommunication: initialize communication. 
TpTrace Information: 0 : 13392, 5, 2022/07/08, 13:26:08.846, 132165053090, vstest.console.dll, SocketServer.Start: Listening on endpoint : 127.0.0.1:51034
TpTrace Verbose: 0 : 13392, 5, 2022/07/08, 13:26:08.846, 132165058870, vstest.console.dll, DotnetTestHostmanager: Adding  --runtimeconfig "C:\Users\thiag\OneDrive\Área de Trabalho\SistemaCompras-v3\SistemaCompra.Domain.Test\bin\Debug\netcoreapp3.1\fine-code-coverage\build-output\SistemaCompra.Domain.Test.runtimeconfig.json" in args
TpTrace Verbose: 0 : 13392, 5, 2022/07/08, 13:26:08.846, 132165059584, vstest.console.dll, DotnetTestHostmanager: Adding  --depsfile "C:\Users\thiag\OneDrive\Área de Trabalho\SistemaCompras-v3\SistemaCompra.Domain.Test\bin\Debug\netcoreapp3.1\fine-code-coverage\build-output\SistemaCompra.Domain.Test.deps.json" in args
TpTrace Information: 0 : 13392, 5, 2022/07/08, 13:26:08.847, 132165061210, vstest.console.dll, AssemblyResolver.OnResolve: Microsoft.Extensions.DependencyModel: Resolving assembly.
TpTrace Information: 0 : 13392, 5, 2022/07/08, 13:26:08.847, 132165061516, vstest.console.dll, AssemblyResolver.OnResolve: Microsoft.Extensions.DependencyModel: Searching in: 'C:\Program Files\dotnet\sdk\5.0.409\Extensions'.
TpTrace Information: 0 : 13392, 5, 2022/07/08, 13:26:08.847, 132165061964, vstest.console.dll, AssemblyResolver.OnResolve: Microsoft.Extensions.DependencyModel: Assembly path does not exist: 'C:\Program Files\dotnet\sdk\5.0.409\Extensions\Microsoft.Extensions.DependencyModel.dll', returning.
TpTrace Information: 0 : 13392, 5, 2022/07/08, 13:26:08.847, 132165062273, vstest.console.dll, AssemblyResolver.OnResolve: Microsoft.Extensions.DependencyModel: Assembly path does not exist: 'C:\Program Files\dotnet\sdk\5.0.409\Extensions\Microsoft.Extensions.DependencyModel.exe', returning.
TpTrace Information: 0 : 13392, 5, 2022/07/08, 13:26:08.847, 132165062405, vstest.console.dll, AssemblyResolver.OnResolve: Microsoft.Extensions.DependencyModel: Searching in: 'C:\Program Files\dotnet\sdk\5.0.409'.
TpTrace Information: 0 : 13392, 5, 2022/07/08, 13:26:08.847, 132165067385, vstest.console.dll, AssemblyResolver.OnResolve: Microsoft.Extensions.DependencyModel: Loading assembly 'C:\Program Files\dotnet\sdk\5.0.409\Microsoft.Extensions.DependencyModel.dll'.
TpTrace Information: 0 : 13392, 5, 2022/07/08, 13:26:08.848, 132165072389, vstest.console.dll, AssemblyResolver.OnResolve: Resolved assembly: Microsoft.Extensions.DependencyModel, from path: C:\Program Files\dotnet\sdk\5.0.409\Microsoft.Extensions.DependencyModel.dll
TpTrace Verbose: 0 : 13392, 5, 2022/07/08, 13:26:08.848, 132165074405, vstest.console.dll, DotnetTestHostmanager: Reading file C:\Users\thiag\OneDrive\Área de Trabalho\SistemaCompras-v3\SistemaCompra.Domain.Test\bin\Debug\netcoreapp3.1\fine-code-coverage\build-output\SistemaCompra.Domain.Test.deps.json to get path of testhost.dll
TpTrace Verbose: 0 : 13392, 5, 2022/07/08, 13:26:08.868, 132165275438, vstest.console.dll, DotnetTestHostmanager: Relative path of testhost.dll with respect to package folder is microsoft.testplatform.testhost/16.2.0\lib/netstandard1.5/testhost.dll
TpTrace Verbose: 0 : 13392, 5, 2022/07/08, 13:26:08.868, 132165280616, vstest.console.dll, DotnetTestHostmanager: Looking for path microsoft.testplatform.testhost/16.2.0\lib/netstandard1.5/testhost.dll in folder C:\Users\thiag\.dotnet\store\|arch|\|tfm|
TpTrace Verbose: 0 : 13392, 5, 2022/07/08, 13:26:08.869, 132165281712, vstest.console.dll, DotnetTestHostmanager: Looking for path microsoft.testplatform.testhost/16.2.0\lib/netstandard1.5/testhost.dll in folder C:\Users\thiag\.nuget\packages
TpTrace Verbose: 0 : 13392, 5, 2022/07/08, 13:26:08.869, 132165283895, vstest.console.dll, DotnetTestHostmanager: Full path of testhost.dll is C:\Users\thiag\.nuget\packages\microsoft.testplatform.testhost/16.2.0\lib/netstandard1.5/testhost.dll
TpTrace Verbose: 0 : 13392, 5, 2022/07/08, 13:26:08.869, 132165284217, vstest.console.dll, DotnetTestHostmanager: Full path of host exe is C:\Program Files\dotnet\dotnet.exe
TpTrace Verbose: 0 : 13392, 7, 2022/07/08, 13:26:08.869, 132165290251, vstest.console.dll, DotnetTestHostManager: Starting process 'C:\Program Files\dotnet\dotnet.exe' with command line 'exec --runtimeconfig "C:\Users\thiag\OneDrive\Área de Trabalho\SistemaCompras-v3\SistemaCompra.Domain.Test\bin\Debug\netcoreapp3.1\fine-code-coverage\build-output\SistemaCompra.Domain.Test.runtimeconfig.json" --depsfile "C:\Users\thiag\OneDrive\Área de Trabalho\SistemaCompras-v3\SistemaCompra.Domain.Test\bin\Debug\netcoreapp3.1\fine-code-coverage\build-output\SistemaCompra.Domain.Test.deps.json" "C:\Users\thiag\.nuget\packages\microsoft.testplatform.testhost/16.2.0\lib/netstandard1.5/testhost.dll" --port 51034 --endpoint 127.0.0.1:051034 --role client --parentprocessid 13392 --diag "C:\Users\thiag\OneDrive\Área de Trabalho\SistemaCompras-v3\SistemaCompra.Domain.Test\bin\Debug\netcoreapp3.1\fine-code-coverage\coverage-tool-output\diagnostics.host.22-07-08_13-26-08_84642_5.log" --tracelevel 4 --datacollectionport 51033 --telemetryoptedin false'
TpTrace Verbose: 0 : 13392, 7, 2022/07/08, 13:26:08.874, 132165333041, vstest.console.dll, Test Runtime launched
TpTrace Verbose: 0 : 13392, 5, 2022/07/08, 13:26:08.874, 132165339539, vstest.console.dll, TestRequestSender.WaitForRequestHandlerConnection: waiting for connection with timeout: 90000
TpTrace Verbose: 0 : 13392, 7, 2022/07/08, 13:26:08.988, 132166477772, vstest.console.dll, SocketServer.OnClientConnected: Client connected for endPoint: 127.0.0.1:51034, starting MessageLoopAsync:
TpTrace Verbose: 0 : 13392, 14, 2022/07/08, 13:26:08.988, 132166480228, vstest.console.dll, TcpClientExtensions.MessageLoopAsync: Polling on remoteEndPoint: 127.0.0.1:51035 localEndPoint: 127.0.0.1:51034
TpTrace Verbose: 0 : 13392, 14, 2022/07/08, 13:26:09.085, 132167448343, vstest.console.dll, TcpClientExtensions.MessageLoopAsync: NotifyDataAvailable remoteEndPoint: 127.0.0.1:51035 localEndPoint: 127.0.0.1:51034
TpTrace Verbose: 0 : 13392, 14, 2022/07/08, 13:26:09.085, 132167450925, vstest.console.dll, TestRequestSender.CheckVersionWithTestHost: onMessageReceived received message: (ProtocolVersion) -> 2
TpTrace Verbose: 0 : 13392, 14, 2022/07/08, 13:26:09.086, 132167454703, vstest.console.dll, TcpClientExtensions.MessageLoopAsync: Polling on remoteEndPoint: 127.0.0.1:51035 localEndPoint: 127.0.0.1:51034
TpTrace Verbose: 0 : 13392, 5, 2022/07/08, 13:26:09.086, 132167455759, vstest.console.dll, TestPluginCache.GetExtensionPaths: Filtered extension paths: 
TpTrace Verbose: 0 : 13392, 5, 2022/07/08, 13:26:09.086, 132167456293, vstest.console.dll, TestPluginCache.GetExtensionPaths: Added default extension paths: C:\Program Files\dotnet\sdk\5.0.409\Extensions\Microsoft.Diagnostics.NETCore.Client.dll
C:\Program Files\dotnet\sdk\5.0.409\Extensions\Microsoft.TestPlatform.Extensions.BlameDataCollector.dll
C:\Program Files\dotnet\sdk\5.0.409\Extensions\Microsoft.TestPlatform.Extensions.EventLogCollector.dll
C:\Program Files\dotnet\sdk\5.0.409\Extensions\Microsoft.TestPlatform.TestHostRuntimeProvider.dll
C:\Program Files\dotnet\sdk\5.0.409\Extensions\Microsoft.VisualStudio.TestPlatform.Extensions.Html.TestLogger.dll
C:\Program Files\dotnet\sdk\5.0.409\Extensions\Microsoft.VisualStudio.TestPlatform.Extensions.Trx.TestLogger.dll
TpTrace Verbose: 0 : 13392, 5, 2022/07/08, 13:26:09.086, 132167456553, vstest.console.dll, TestPluginCache.GetExtensionPaths: Added unfilterableExtensionPaths: 
TpTrace Verbose: 0 : 13392, 5, 2022/07/08, 13:26:09.088, 132167478267, vstest.console.dll, TestRequestSender.InitializeExecution: Sending initializing execution with message: {"Version":2,"MessageType":"TestExecution.Initialize","Payload":["C:\\Users\\thiag\\OneDrive\\Área de Trabalho\\SistemaCompras-v3\\SistemaCompra.Domain.Test\\bin\\Debug\\netcoreapp3.1\\fine-code-coverage\\build-output\\xunit.runner.visualstudio.dotnetcore.testadapter.dll"]}
TpTrace Verbose: 0 : 13392, 5, 2022/07/08, 13:26:09.093, 132167523285, vstest.console.dll, TestRequestSender.StartTestRun: Sending test run with message: {"Version":2,"MessageType":"TestExecution.StartWithSources","Payload":{"AdapterSourceMap":{"_none_":["C:\\Users\\thiag\\OneDrive\\Área de Trabalho\\SistemaCompras-v3\\SistemaCompra.Domain.Test\\bin\\Debug\\netcoreapp3.1\\fine-code-coverage\\build-output\\SistemaCompra.Domain.Test.dll"]},"RunSettings":"<RunSettings>\r\n  <RunConfiguration>\r\n    <ResultsDirectory>C:\\Users\\thiag\\OneDrive\\Área de Trabalho\\SistemaCompras-v3\\SistemaCompra.Domain.Test\\bin\\Debug\\netcoreapp3.1\\fine-code-coverage\\coverage-tool-output</ResultsDirectory>\r\n    <TargetPlatform>X64</TargetPlatform>\r\n    <TargetFrameworkVersion>.NETCoreApp,Version=v3.1</TargetFrameworkVersion>\r\n    <DesignMode>False</DesignMode>\r\n    <CollectSourceInformation>False</CollectSourceInformation>\r\n  </RunConfiguration>\r\n  <LoggerRunSettings>\r\n    <Loggers>\r\n      <Logger friendlyName=\"blame\" enabled=\"True\" />\r\n      <Logger friendlyName=\"Console\" uri=\"logger://microsoft/TestPlatform/ConsoleLogger/v1\" assemblyQualifiedName=\"Microsoft.VisualStudio.TestPlatform.CommandLine.Internal.ConsoleLogger, vstest.console, Version=15.0.0.0, Culture=neutral, PublicKeyToken=b03f5f7f11d50a3a\" codeBase=\"C:\\Program Files\\dotnet\\sdk\\5.0.409\\vstest.console.dll\" enabled=\"True\" />\r\n    </Loggers>\r\n  </LoggerRunSettings>\r\n  <DataCollectionRunSettings>\r\n    <DataCollectors>\r\n      <DataCollector friendlyName=\"blame\" enabled=\"True\">\r\n        <Configuration>\r\n          <ResultsDirectory>C:\\Users\\thiag\\OneDrive\\Área de Trabalho\\SistemaCompras-v3\\SistemaCompra.Domain.Test\\bin\\Debug\\netcoreapp3.1\\fine-code-coverage\\coverage-tool-output</ResultsDirectory>\r\n        </Configuration>\r\n      </DataCollector>\r\n    </DataCollectors>\r\n  </DataCollectionRunSettings>\r\n</RunSettings>","TestExecutionContext":{"FrequencyOfRunStatsChangeEvent":10,"RunStatsChangeEventTimeout":"00:00:01.5000000","InIsolation":false,"KeepAlive":false,"AreTestCaseLevelEventsRequired":false,"IsDebug":false,"TestCaseFilter":null,"FilterOptions":null},"Package":null}}
TpTrace Verbose: 0 : 13392, 14, 2022/07/08, 13:26:09.093, 132167524466, vstest.console.dll, TcpClientExtensions.MessageLoopAsync: NotifyDataAvailable remoteEndPoint: 127.0.0.1:51035 localEndPoint: 127.0.0.1:51034
TpTrace Verbose: 0 : 13392, 14, 2022/07/08, 13:26:09.093, 132167526264, vstest.console.dll, TestRequestSender.OnExecutionMessageReceived: Received message: {"Version":2,"MessageType":"TestSession.Message","Payload":{"MessageLevel":0,"Message":"Logging TestHost Diagnostics in file: C:\\Users\\thiag\\OneDrive\\Área de Trabalho\\SistemaCompras-v3\\SistemaCompra.Domain.Test\\bin\\Debug\\netcoreapp3.1\\fine-code-coverage\\coverage-tool-output\\diagnostics.host.22-07-08_13-26-08_84642_5.log"}}
TpTrace Verbose: 0 : 13392, 14, 2022/07/08, 13:26:09.094, 132167538148, vstest.console.dll, TestRunRequest:SendTestRunMessage: Starting.
TpTrace Information: 0 : 13392, 14, 2022/07/08, 13:26:09.094, 132167538669, vstest.console.dll, TestRunRequest:SendTestRunMessage: Completed.
TpTrace Verbose: 0 : 13392, 14, 2022/07/08, 13:26:09.094, 132167538854, vstest.console.dll, TcpClientExtensions.MessageLoopAsync: Polling on remoteEndPoint: 127.0.0.1:51035 localEndPoint: 127.0.0.1:51034
TpTrace Verbose: 0 : 13392, 14, 2022/07/08, 13:26:09.166, 132168255567, vstest.console.dll, TcpClientExtensions.MessageLoopAsync: NotifyDataAvailable remoteEndPoint: 127.0.0.1:51035 localEndPoint: 127.0.0.1:51034
TpTrace Verbose: 0 : 13392, 14, 2022/07/08, 13:26:09.166, 132168257561, vstest.console.dll, TestRequestSender.OnExecutionMessageReceived: Received message: {"Version":2,"MessageType":"TestSession.Message","Payload":{"MessageLevel":0,"Message":"[xUnit.net 00:00:00.00] xUnit.net VSTest Adapter v2.4.0 (64-bit .NET Core 3.1.26)"}}
TpTrace Verbose: 0 : 13392, 14, 2022/07/08, 13:26:09.166, 132168260100, vstest.console.dll, TestRunRequest:SendTestRunMessage: Starting.
TpTrace Information: 0 : 13392, 14, 2022/07/08, 13:26:09.166, 132168261024, vstest.console.dll, TestRunRequest:SendTestRunMessage: Completed.
TpTrace Verbose: 0 : 13392, 14, 2022/07/08, 13:26:09.167, 132168261322, vstest.console.dll, TcpClientExtensions.MessageLoopAsync: Polling on remoteEndPoint: 127.0.0.1:51035 localEndPoint: 127.0.0.1:51034
TpTrace Verbose: 0 : 13392, 14, 2022/07/08, 13:26:09.485, 132171443918, vstest.console.dll, TcpClientExtensions.MessageLoopAsync: NotifyDataAvailable remoteEndPoint: 127.0.0.1:51035 localEndPoint: 127.0.0.1:51034
TpTrace Verbose: 0 : 13392, 14, 2022/07/08, 13:26:09.485, 132171445443, vstest.console.dll, TestRequestSender.OnExecutionMessageReceived: Received message: {"Version":2,"MessageType":"TestSession.Message","Payload":{"MessageLevel":0,"Message":"[xUnit.net 00:00:00.32]   Discovering: SistemaCompra.Domain.Test"}}
TpTrace Verbose: 0 : 13392, 14, 2022/07/08, 13:26:09.485, 132171447315, vstest.console.dll, TestRunRequest:SendTestRunMessage: Starting.
TpTrace Information: 0 : 13392, 14, 2022/07/08, 13:26:09.485, 132171447749, vstest.console.dll, TestRunRequest:SendTestRunMessage: Completed.
TpTrace Verbose: 0 : 13392, 14, 2022/07/08, 13:26:09.485, 132171447954, vstest.console.dll, TcpClientExtensions.MessageLoopAsync: Polling on remoteEndPoint: 127.0.0.1:51035 localEndPoint: 127.0.0.1:51034
TpTrace Verbose: 0 : 13392, 14, 2022/07/08, 13:26:09.514, 132171736796, vstest.console.dll, TcpClientExtensions.MessageLoopAsync: NotifyDataAvailable remoteEndPoint: 127.0.0.1:51035 localEndPoint: 127.0.0.1:51034
TpTrace Verbose: 0 : 13392, 14, 2022/07/08, 13:26:09.514, 132171738915, vstest.console.dll, TestRequestSender.OnExecutionMessageReceived: Received message: {"Version":2,"MessageType":"TestSession.Message","Payload":{"MessageLevel":0,"Message":"[xUnit.net 00:00:00.35]   Discovered:  SistemaCompra.Domain.Test"}}
TpTrace Verbose: 0 : 13392, 14, 2022/07/08, 13:26:09.515, 132171742030, vstest.console.dll, TestRunRequest:SendTestRunMessage: Starting.
TpTrace Information: 0 : 13392, 14, 2022/07/08, 13:26:09.515, 132171742842, vstest.console.dll, TestRunRequest:SendTestRunMessage: Completed.
TpTrace Verbose: 0 : 13392, 14, 2022/07/08, 13:26:09.515, 132171743143, vstest.console.dll, TcpClientExtensions.MessageLoopAsync: Polling on remoteEndPoint: 127.0.0.1:51035 localEndPoint: 127.0.0.1:51034
TpTrace Verbose: 0 : 13392, 14, 2022/07/08, 13:26:09.516, 132171753417, vstest.console.dll, TcpClientExtensions.MessageLoopAsync: NotifyDataAvailable remoteEndPoint: 127.0.0.1:51035 localEndPoint: 127.0.0.1:51034
TpTrace Verbose: 0 : 13392, 14, 2022/07/08, 13:26:09.516, 132171754405, vstest.console.dll, TestRequestSender.OnExecutionMessageReceived: Received message: {"Version":2,"MessageType":"TestSession.Message","Payload":{"MessageLevel":0,"Message":"[xUnit.net 00:00:00.35]   Starting:    SistemaCompra.Domain.Test"}}
TpTrace Verbose: 0 : 13392, 14, 2022/07/08, 13:26:09.516, 132171756117, vstest.console.dll, TestRunRequest:SendTestRunMessage: Starting.
TpTrace Information: 0 : 13392, 14, 2022/07/08, 13:26:09.516, 132171756623, vstest.console.dll, TestRunRequest:SendTestRunMessage: Completed.
TpTrace Verbose: 0 : 13392, 14, 2022/07/08, 13:26:09.516, 132171756964, vstest.console.dll, TcpClientExtensions.MessageLoopAsync: Polling on remoteEndPoint: 127.0.0.1:51035 localEndPoint: 127.0.0.1:51034
TpTrace Verbose: 0 : 13392, 14, 2022/07/08, 13:26:09.599, 132172583325, vstest.console.dll, TcpClientExtensions.MessageLoopAsync: NotifyDataAvailable remoteEndPoint: 127.0.0.1:51035 localEndPoint: 127.0.0.1:51034
TpTrace Verbose: 0 : 13392, 14, 2022/07/08, 13:26:09.599, 132172585547, vstest.console.dll, TestRequestSender.OnExecutionMessageReceived: Received message: {"Version":2,"MessageType":"TestSession.Message","Payload":{"MessageLevel":2,"Message":"[xUnit.net 00:00:00.43]     SistemaCompra.Domain.Test.SolicitacaoCompraAggregate.SolicitacaoCompra_RegistrarCompraDeve.NotificarErroQuandoNaoInformarItensCompra [FAIL]"}}
TpTrace Verbose: 0 : 13392, 14, 2022/07/08, 13:26:09.599, 132172587978, vstest.console.dll, TestRunRequest:SendTestRunMessage: Starting.
TpTrace Information: 0 : 13392, 14, 2022/07/08, 13:26:09.599, 132172589602, vstest.console.dll, TestRunRequest:SendTestRunMessage: Completed.
TpTrace Verbose: 0 : 13392, 14, 2022/07/08, 13:26:09.599, 132172589979, vstest.console.dll, TcpClientExtensions.MessageLoopAsync: Polling on remoteEndPoint: 127.0.0.1:51035 localEndPoint: 127.0.0.1:51034
TpTrace Verbose: 0 : 13392, 14, 2022/07/08, 13:26:09.600, 132172591460, vstest.console.dll, TcpClientExtensions.MessageLoopAsync: NotifyDataAvailable remoteEndPoint: 127.0.0.1:51035 localEndPoint: 127.0.0.1:51034
TpTrace Verbose: 0 : 13392, 14, 2022/07/08, 13:26:09.600, 132172592035, vstest.console.dll, TestRequestSender.OnExecutionMessageReceived: Received message: {"Version":2,"MessageType":"TestSession.Message","Payload":{"MessageLevel":0,"Message":"[xUnit.net 00:00:00.43]       Assert.Throws() Failure"}}
TpTrace Verbose: 0 : 13392, 14, 2022/07/08, 13:26:09.600, 132172593179, vstest.console.dll, TestRunRequest:SendTestRunMessage: Starting.
TpTrace Information: 0 : 13392, 14, 2022/07/08, 13:26:09.600, 132172593498, vstest.console.dll, TestRunRequest:SendTestRunMessage: Completed.
TpTrace Verbose: 0 : 13392, 14, 2022/07/08, 13:26:09.600, 132172593728, vstest.console.dll, TcpClientExtensions.MessageLoopAsync: Polling on remoteEndPoint: 127.0.0.1:51035 localEndPoint: 127.0.0.1:51034
TpTrace Verbose: 0 : 13392, 14, 2022/07/08, 13:26:09.600, 132172594459, vstest.console.dll, TcpClientExtensions.MessageLoopAsync: NotifyDataAvailable remoteEndPoint: 127.0.0.1:51035 localEndPoint: 127.0.0.1:51034
TpTrace Verbose: 0 : 13392, 14, 2022/07/08, 13:26:09.600, 132172594758, vstest.console.dll, TestRequestSender.OnExecutionMessageReceived: Received message: {"Version":2,"MessageType":"TestSession.Message","Payload":{"MessageLevel":0,"Message":"[xUnit.net 00:00:00.43]       Expected: typeof(SistemaCompra.Domain.Core.BusinessRuleException)"}}
TpTrace Verbose: 0 : 13392, 14, 2022/07/08, 13:26:09.600, 132172595602, vstest.console.dll, TestRunRequest:SendTestRunMessage: Starting.
TpTrace Information: 0 : 13392, 14, 2022/07/08, 13:26:09.600, 132172595871, vstest.console.dll, TestRunRequest:SendTestRunMessage: Completed.
TpTrace Verbose: 0 : 13392, 14, 2022/07/08, 13:26:09.600, 132172596065, vstest.console.dll, TcpClientExtensions.MessageLoopAsync: Polling on remoteEndPoint: 127.0.0.1:51035 localEndPoint: 127.0.0.1:51034
TpTrace Verbose: 0 : 13392, 14, 2022/07/08, 13:26:09.600, 132172596500, vstest.console.dll, TcpClientExtensions.MessageLoopAsync: NotifyDataAvailable remoteEndPoint: 127.0.0.1:51035 localEndPoint: 127.0.0.1:51034
TpTrace Verbose: 0 : 13392, 14, 2022/07/08, 13:26:09.600, 132172596949, vstest.console.dll, TestRequestSender.OnExecutionMessageReceived: Received message: {"Version":2,"MessageType":"TestSession.Message","Payload":{"MessageLevel":0,"Message":"[xUnit.net 00:00:00.43]       Actual:   typeof(System.NullReferenceException): Object reference not set to an instance of an object."}}
TpTrace Verbose: 0 : 13392, 14, 2022/07/08, 13:26:09.600, 132172597463, vstest.console.dll, TestRunRequest:SendTestRunMessage: Starting.
TpTrace Information: 0 : 13392, 14, 2022/07/08, 13:26:09.600, 132172597738, vstest.console.dll, TestRunRequest:SendTestRunMessage: Completed.
TpTrace Verbose: 0 : 13392, 14, 2022/07/08, 13:26:09.600, 132172597955, vstest.console.dll, TcpClientExtensions.MessageLoopAsync: Polling on remoteEndPoint: 127.0.0.1:51035 localEndPoint: 127.0.0.1:51034
TpTrace Verbose: 0 : 13392, 14, 2022/07/08, 13:26:09.600, 132172598171, vstest.console.dll, TcpClientExtensions.MessageLoopAsync: NotifyDataAvailable remoteEndPoint: 127.0.0.1:51035 localEndPoint: 127.0.0.1:51034
TpTrace Verbose: 0 : 13392, 14, 2022/07/08, 13:26:09.600, 132172598494, vstest.console.dll, TestRequestSender.OnExecutionMessageReceived: Received message: {"Version":2,"MessageType":"TestSession.Message","Payload":{"MessageLevel":0,"Message":"[xUnit.net 00:00:00.43]       ---- System.NullReferenceException : Object reference not set to an instance of an object."}}
TpTrace Verbose: 0 : 13392, 14, 2022/07/08, 13:26:09.600, 132172599068, vstest.console.dll, TestRunRequest:SendTestRunMessage: Starting.
TpTrace Information: 0 : 13392, 14, 2022/07/08, 13:26:09.600, 132172599299, vstest.console.dll, TestRunRequest:SendTestRunMessage: Completed.
TpTrace Verbose: 0 : 13392, 14, 2022/07/08, 13:26:09.600, 132172599499, vstest.console.dll, TcpClientExtensions.MessageLoopAsync: Polling on remoteEndPoint: 127.0.0.1:51035 localEndPoint: 127.0.0.1:51034
TpTrace Verbose: 0 : 13392, 14, 2022/07/08, 13:26:09.601, 132172601946, vstest.console.dll, TcpClientExtensions.MessageLoopAsync: NotifyDataAvailable remoteEndPoint: 127.0.0.1:51035 localEndPoint: 127.0.0.1:51034
TpTrace Verbose: 0 : 13392, 14, 2022/07/08, 13:26:09.601, 132172602521, vstest.console.dll, TestRequestSender.OnExecutionMessageReceived: Received message: {"Version":2,"MessageType":"TestSession.Message","Payload":{"MessageLevel":0,"Message":"[xUnit.net 00:00:00.43]       Stack Trace:"}}
TpTrace Verbose: 0 : 13392, 14, 2022/07/08, 13:26:09.601, 132172603143, vstest.console.dll, TestRunRequest:SendTestRunMessage: Starting.
TpTrace Information: 0 : 13392, 14, 2022/07/08, 13:26:09.601, 132172603413, vstest.console.dll, TestRunRequest:SendTestRunMessage: Completed.
TpTrace Verbose: 0 : 13392, 14, 2022/07/08, 13:26:09.601, 132172603658, vstest.console.dll, TcpClientExtensions.MessageLoopAsync: Polling on remoteEndPoint: 127.0.0.1:51035 localEndPoint: 127.0.0.1:51034
TpTrace Verbose: 0 : 13392, 14, 2022/07/08, 13:26:09.601, 132172606385, vstest.console.dll, TcpClientExtensions.MessageLoopAsync: NotifyDataAvailable remoteEndPoint: 127.0.0.1:51035 localEndPoint: 127.0.0.1:51034
TpTrace Verbose: 0 : 13392, 14, 2022/07/08, 13:26:09.601, 132172607179, vstest.console.dll, TestRequestSender.OnExecutionMessageReceived: Received message: {"Version":2,"MessageType":"TestSession.Message","Payload":{"MessageLevel":0,"Message":"[xUnit.net 00:00:00.43]         C:\\Users\\thiag\\OneDrive\\Área de Trabalho\\SistemaCompras-v3\\SistemaCompra.Domain\\SolicitacaoCompraAggregate\\SolicitacaoCompra.cs(42,0): at SistemaCompra.Domain.SolicitacaoCompraAggregate.SolicitacaoCompra.RegistrarCompra(IEnumerable`1 itens)"}}
TpTrace Verbose: 0 : 13392, 14, 2022/07/08, 13:26:09.601, 132172608187, vstest.console.dll, TestRunRequest:SendTestRunMessage: Starting.
TpTrace Information: 0 : 13392, 14, 2022/07/08, 13:26:09.601, 132172608578, vstest.console.dll, TestRunRequest:SendTestRunMessage: Completed.
TpTrace Verbose: 0 : 13392, 14, 2022/07/08, 13:26:09.601, 132172608800, vstest.console.dll, TcpClientExtensions.MessageLoopAsync: Polling on remoteEndPoint: 127.0.0.1:51035 localEndPoint: 127.0.0.1:51034
TpTrace Verbose: 0 : 13392, 14, 2022/07/08, 13:26:09.601, 132172609058, vstest.console.dll, TcpClientExtensions.MessageLoopAsync: NotifyDataAvailable remoteEndPoint: 127.0.0.1:51035 localEndPoint: 127.0.0.1:51034
TpTrace Verbose: 0 : 13392, 14, 2022/07/08, 13:26:09.601, 132172609403, vstest.console.dll, TestRequestSender.OnExecutionMessageReceived: Received message: {"Version":2,"MessageType":"TestSession.Message","Payload":{"MessageLevel":0,"Message":"[xUnit.net 00:00:00.43]         C:\\Users\\thiag\\OneDrive\\Área de Trabalho\\SistemaCompras-v3\\SistemaCompra.Domain.Test\\SolicitacaoCompraAggregate\\SolicitacaoCompra_RegistrarCompraDeve.cs(35,0): at SistemaCompra.Domain.Test.SolicitacaoCompraAggregate.SolicitacaoCompra_RegistrarCompraDeve.<>c__DisplayClass1_0.<NotificarErroQuandoNaoInformarItensCompra>b__0()"}}
TpTrace Verbose: 0 : 13392, 14, 2022/07/08, 13:26:09.601, 132172610154, vstest.console.dll, TestRunRequest:SendTestRunMessage: Starting.
TpTrace Information: 0 : 13392, 14, 2022/07/08, 13:26:09.601, 132172610451, vstest.console.dll, TestRunRequest:SendTestRunMessage: Completed.
TpTrace Verbose: 0 : 13392, 14, 2022/07/08, 13:26:09.601, 132172610801, vstest.console.dll, TcpClientExtensions.MessageLoopAsync: Polling on remoteEndPoint: 127.0.0.1:51035 localEndPoint: 127.0.0.1:51034
TpTrace Verbose: 0 : 13392, 14, 2022/07/08, 13:26:09.602, 132172611072, vstest.console.dll, TcpClientExtensions.MessageLoopAsync: NotifyDataAvailable remoteEndPoint: 127.0.0.1:51035 localEndPoint: 127.0.0.1:51034
TpTrace Verbose: 0 : 13392, 14, 2022/07/08, 13:26:09.602, 132172611373, vstest.console.dll, TestRequestSender.OnExecutionMessageReceived: Received message: {"Version":2,"MessageType":"TestSession.Message","Payload":{"MessageLevel":0,"Message":"[xUnit.net 00:00:00.43]         ----- Inner Stack Trace -----"}}
TpTrace Verbose: 0 : 13392, 14, 2022/07/08, 13:26:09.602, 132172612885, vstest.console.dll, TestRunRequest:SendTestRunMessage: Starting.
TpTrace Information: 0 : 13392, 14, 2022/07/08, 13:26:09.602, 132172613247, vstest.console.dll, TestRunRequest:SendTestRunMessage: Completed.
TpTrace Verbose: 0 : 13392, 14, 2022/07/08, 13:26:09.602, 132172613415, vstest.console.dll, TcpClientExtensions.MessageLoopAsync: Polling on remoteEndPoint: 127.0.0.1:51035 localEndPoint: 127.0.0.1:51034
TpTrace Verbose: 0 : 13392, 14, 2022/07/08, 13:26:09.602, 132172613610, vstest.console.dll, TcpClientExtensions.MessageLoopAsync: NotifyDataAvailable remoteEndPoint: 127.0.0.1:51035 localEndPoint: 127.0.0.1:51034
TpTrace Verbose: 0 : 13392, 14, 2022/07/08, 13:26:09.602, 132172613949, vstest.console.dll, TestRequestSender.OnExecutionMessageReceived: Received message: {"Version":2,"MessageType":"TestSession.Message","Payload":{"MessageLevel":0,"Message":"[xUnit.net 00:00:00.43]         C:\\Users\\thiag\\OneDrive\\Área de Trabalho\\SistemaCompras-v3\\SistemaCompra.Domain\\SolicitacaoCompraAggregate\\SolicitacaoCompra.cs(42,0): at SistemaCompra.Domain.SolicitacaoCompraAggregate.SolicitacaoCompra.RegistrarCompra(IEnumerable`1 itens)"}}
TpTrace Verbose: 0 : 13392, 14, 2022/07/08, 13:26:09.602, 132172614571, vstest.console.dll, TestRunRequest:SendTestRunMessage: Starting.
TpTrace Information: 0 : 13392, 14, 2022/07/08, 13:26:09.602, 132172614808, vstest.console.dll, TestRunRequest:SendTestRunMessage: Completed.
TpTrace Verbose: 0 : 13392, 14, 2022/07/08, 13:26:09.602, 132172614957, vstest.console.dll, TcpClientExtensions.MessageLoopAsync: Polling on remoteEndPoint: 127.0.0.1:51035 localEndPoint: 127.0.0.1:51034
TpTrace Verbose: 0 : 13392, 14, 2022/07/08, 13:26:09.602, 132172615109, vstest.console.dll, TcpClientExtensions.MessageLoopAsync: NotifyDataAvailable remoteEndPoint: 127.0.0.1:51035 localEndPoint: 127.0.0.1:51034
TpTrace Verbose: 0 : 13392, 14, 2022/07/08, 13:26:09.602, 132172615338, vstest.console.dll, TestRequestSender.OnExecutionMessageReceived: Received message: {"Version":2,"MessageType":"TestSession.Message","Payload":{"MessageLevel":0,"Message":"[xUnit.net 00:00:00.43]         C:\\Users\\thiag\\OneDrive\\Área de Trabalho\\SistemaCompras-v3\\SistemaCompra.Domain.Test\\SolicitacaoCompraAggregate\\SolicitacaoCompra_RegistrarCompraDeve.cs(35,0): at SistemaCompra.Domain.Test.SolicitacaoCompraAggregate.SolicitacaoCompra_RegistrarCompraDeve.<>c__DisplayClass1_0.<NotificarErroQuandoNaoInformarItensCompra>b__0()"}}
TpTrace Verbose: 0 : 13392, 14, 2022/07/08, 13:26:09.602, 132172615839, vstest.console.dll, TestRunRequest:SendTestRunMessage: Starting.
TpTrace Information: 0 : 13392, 14, 2022/07/08, 13:26:09.602, 132172616067, vstest.console.dll, TestRunRequest:SendTestRunMessage: Completed.
TpTrace Verbose: 0 : 13392, 14, 2022/07/08, 13:26:09.602, 132172616209, vstest.console.dll, TcpClientExtensions.MessageLoopAsync: Polling on remoteEndPoint: 127.0.0.1:51035 localEndPoint: 127.0.0.1:51034
TpTrace Verbose: 0 : 13392, 14, 2022/07/08, 13:26:09.606, 132172654050, vstest.console.dll, TcpClientExtensions.MessageLoopAsync: NotifyDataAvailable remoteEndPoint: 127.0.0.1:51035 localEndPoint: 127.0.0.1:51034
TpTrace Verbose: 0 : 13392, 14, 2022/07/08, 13:26:09.606, 132172655030, vstest.console.dll, TestRequestSender.OnExecutionMessageReceived: Received message: {"Version":2,"MessageType":"TestSession.Message","Payload":{"MessageLevel":0,"Message":"[xUnit.net 00:00:00.44]   Finished:    SistemaCompra.Domain.Test"}}
TpTrace Verbose: 0 : 13392, 14, 2022/07/08, 13:26:09.606, 132172656148, vstest.console.dll, TestRunRequest:SendTestRunMessage: Starting.
TpTrace Information: 0 : 13392, 14, 2022/07/08, 13:26:09.606, 132172656494, vstest.console.dll, TestRunRequest:SendTestRunMessage: Completed.
TpTrace Verbose: 0 : 13392, 14, 2022/07/08, 13:26:09.606, 132172656713, vstest.console.dll, TcpClientExtensions.MessageLoopAsync: Polling on remoteEndPoint: 127.0.0.1:51035 localEndPoint: 127.0.0.1:51034
TpTrace Verbose: 0 : 13392, 14, 2022/07/08, 13:26:09.635, 132172945570, vstest.console.dll, TcpClientExtensions.MessageLoopAsync: NotifyDataAvailable remoteEndPoint: 127.0.0.1:51035 localEndPoint: 127.0.0.1:51034
TpTrace Verbose: 0 : 13392, 14, 2022/07/08, 13:26:09.635, 132172947786, vstest.console.dll, TestRequestSender.OnExecutionMessageReceived: Received message: {"Version":2,"MessageType":"TestExecution.Completed","Payload":{"TestRunCompleteArgs":{"TestRunStatistics":{"ExecutedTests":4,"Stats":{"Passed":3,"Failed":1}},"IsCanceled":false,"IsAborted":false,"Error":null,"AttachmentSets":[],"ElapsedTimeInRunningTests":"00:00:00.4479490","Metrics":{}},"LastRunTests":{"NewTestResults":[{"TestCase":{"Id":"2c763dc0-0f34-521e-ed04-b2ae6e9479a4","FullyQualifiedName":"SistemaCompra.Domain.Test.ProdutoAggregate.ProdutoAggregate_AtualizarPrecoDeve.AtualizarPrecoDe400Para500","DisplayName":"SistemaCompra.Domain.Test.ProdutoAggregate.ProdutoAggregate_AtualizarPrecoDeve.AtualizarPrecoDe400Para500","ExecutorUri":"executor://xunit/VsTestRunner2/netcoreapp","Source":"C:\\Users\\thiag\\OneDrive\\Área de Trabalho\\SistemaCompras-v3\\SistemaCompra.Domain.Test\\bin\\Debug\\netcoreapp3.1\\fine-code-coverage\\build-output\\SistemaCompra.Domain.Test.dll","CodeFilePath":null,"LineNumber":0,"Properties":[]},"Attachments":[],"Outcome":1,"ErrorMessage":null,"ErrorStackTrace":null,"DisplayName":"SistemaCompra.Domain.Test.ProdutoAggregate.ProdutoAggregate_AtualizarPrecoDeve.AtualizarPrecoDe400Para500","Messages":[],"ComputerName":"DESKTOP-BJQLJKP","Duration":"00:00:00.0060644","StartTime":"2022-07-08T16:26:09.5739894+00:00","EndTime":"2022-07-08T16:26:09.5740646+00:00","Properties":[]},{"TestCase":{"Id":"2d85d7d6-af78-4b19-6ae9-f12898d306d2","FullyQualifiedName":"SistemaCompra.Domain.Test.ProdutoAggregate.ProdutoAggregate_AtualizarPrecoDeve.NotificarErroQuandoProdutoEstaCancelado","DisplayName":"SistemaCompra.Domain.Test.ProdutoAggregate.ProdutoAggregate_AtualizarPrecoDeve.NotificarErroQuandoProdutoEstaCancelado","ExecutorUri":"executor://xunit/VsTestRunner2/netcoreapp","Source":"C:\\Users\\thiag\\OneDrive\\Área de Trabalho\\SistemaCompras-v3\\SistemaCompra.Domain.Test\\bin\\Debug\\netcoreapp3.1\\fine-code-coverage\\build-output\\SistemaCompra.Domain.Test.dll","CodeFilePath":null,"LineNumber":0,"Properties":[]},"Attachments":[],"Outcome":1,"ErrorMessage":null,"ErrorStackTrace":null,"DisplayName":"SistemaCompra.Domain.Test.ProdutoAggregate.ProdutoAggregate_AtualizarPrecoDeve.NotificarErroQuandoProdutoEstaCancelado","Messages":[],"ComputerName":"DESKTOP-BJQLJKP","Duration":"00:00:00.0012734","StartTime":"2022-07-08T16:26:09.5930149+00:00","EndTime":"2022-07-08T16:26:09.5930171+00:00","Properties":[]},{"TestCase":{"Id":"91945fee-20e8-0770-235b-8d972a01790b","FullyQualifiedName":"SistemaCompra.Domain.Test.SolicitacaoCompraAggregate.SolicitacaoCompra_RegistrarCompraDeve.NotificarErroQuandoNaoInformarItensCompra","DisplayName":"SistemaCompra.Domain.Test.SolicitacaoCompraAggregate.SolicitacaoCompra_RegistrarCompraDeve.NotificarErroQuandoNaoInformarItensCompra","ExecutorUri":"executor://xunit/VsTestRunner2/netcoreapp","Source":"C:\\Users\\thiag\\OneDrive\\Área de Trabalho\\SistemaCompras-v3\\SistemaCompra.Domain.Test\\bin\\Debug\\netcoreapp3.1\\fine-code-coverage\\build-output\\SistemaCompra.Domain.Test.dll","CodeFilePath":null,"LineNumber":0,"Properties":[]},"Attachments":[],"Outcome":2,"ErrorMessage":"Assert.Throws() Failure\r\nExpected: typeof(SistemaCompra.Domain.Core.BusinessRuleException)\r\nActual:   typeof(System.NullReferenceException): Object reference not set to an instance of an object.\r\n---- System.NullReferenceException : Object reference not set to an instance of an object.","ErrorStackTrace":"   at SistemaCompra.Domain.SolicitacaoCompraAggregate.SolicitacaoCompra.RegistrarCompra(IEnumerable`1 itens) in C:\\Users\\thiag\\OneDrive\\Área de Trabalho\\SistemaCompras-v3\\SistemaCompra.Domain\\SolicitacaoCompraAggregate\\SolicitacaoCompra.cs:line 42\r\n   at SistemaCompra.Domain.Test.SolicitacaoCompraAggregate.SolicitacaoCompra_RegistrarCompraDeve.<>c__DisplayClass1_0.<NotificarErroQuandoNaoInformarItensCompra>b__0() in C:\\Users\\thiag\\OneDrive\\Área de Trabalho\\SistemaCompras-v3\\SistemaCompra.Domain.Test\\SolicitacaoCompraAggregate\\SolicitacaoCompra_RegistrarCompraDeve.cs:line 35\r\n----- Inner Stack Trace -----\r\n   at SistemaCompra.Domain.SolicitacaoCompraAggregate.SolicitacaoCompra.RegistrarCompra(IEnumerable`1 itens) in C:\\Users\\thiag\\OneDrive\\Área de Trabalho\\SistemaCompras-v3\\SistemaCompra.Domain\\SolicitacaoCompraAggregate\\SolicitacaoCompra.cs:line 42\r\n   at SistemaCompra.Domain.Test.SolicitacaoCompraAggregate.SolicitacaoCompra_RegistrarCompraDeve.<>c__DisplayClass1_0.<NotificarErroQuandoNaoInformarItensCompra>b__0() in C:\\Users\\thiag\\OneDrive\\Área de Trabalho\\SistemaCompras-v3\\SistemaCompra.Domain.Test\\SolicitacaoCompraAggregate\\SolicitacaoCompra_RegistrarCompraDeve.cs:line 35","DisplayName":"SistemaCompra.Domain.Test.SolicitacaoCompraAggregate.SolicitacaoCompra_RegistrarCompraDeve.NotificarErroQuandoNaoInformarItensCompra","Messages":[],"ComputerName":"DESKTOP-BJQLJKP","Duration":"00:00:00.0163276","StartTime":"2022-07-08T16:26:09.6027455+00:00","EndTime":"2022-07-08T16:26:09.6027468+00:00","Properties":[]},{"TestCase":{"Id":"2ef040ec-0a84-b018-4fc6-538d67c8fd9f","FullyQualifiedName":"SistemaCompra.Domain.Test.SolicitacaoCompraAggregate.SolicitacaoCompra_RegistrarCompraDeve.DefinirPrazo30DiasAoComprarMais50mil","DisplayName":"SistemaCompra.Domain.Test.SolicitacaoCompraAggregate.SolicitacaoCompra_RegistrarCompraDeve.DefinirPrazo30DiasAoComprarMais50mil","ExecutorUri":"executor://xunit/VsTestRunner2/netcoreapp","Source":"C:\\Users\\thiag\\OneDrive\\Área de Trabalho\\SistemaCompras-v3\\SistemaCompra.Domain.Test\\bin\\Debug\\netcoreapp3.1\\fine-code-coverage\\build-output\\SistemaCompra.Domain.Test.dll","CodeFilePath":null,"LineNumber":0,"Properties":[]},"Attachments":[],"Outcome":1,"ErrorMessage":null,"ErrorStackTrace":null,"DisplayName":"SistemaCompra.Domain.Test.SolicitacaoCompraAggregate.SolicitacaoCompra_RegistrarCompraDeve.DefinirPrazo30DiasAoComprarMais50mil","Messages":[],"ComputerName":"DESKTOP-BJQLJKP","Duration":"00:00:00.0023888","StartTime":"2022-07-08T16:26:09.6045596+00:00","EndTime":"2022-07-08T16:26:09.6045607+00:00","Properties":[]}],"TestRunStatistics":{"ExecutedTests":4,"Stats":{"Passed":3,"Failed":1}},"ActiveTests":[]},"RunAttachments":[],"ExecutorUris":["executor://xunit/VsTestRunner2/netcoreapp"]}}
TpTrace Verbose: 0 : 13392, 14, 2022/07/08, 13:26:09.637, 132172963659, vstest.console.dll, TestRequestSender.EndSession: Sending end session.
TpTrace Verbose: 0 : 13392, 14, 2022/07/08, 13:26:09.637, 132172965163, vstest.console.dll, ProxyOperationManager.Close: waiting for test host to exit for 100 ms
TpTrace Warning: 0 : 13392, 13, 2022/07/08, 13:26:09.647, 132173070812, vstest.console.dll, TestHostManagerCallbacks.ErrorReceivedCallback Test host standard error line: 
TpTrace Verbose: 0 : 13392, 8, 2022/07/08, 13:26:09.656, 132173152428, vstest.console.dll, TestHostProvider.ExitCallBack: Host exited starting callback.
TpTrace Information: 0 : 13392, 8, 2022/07/08, 13:26:09.656, 132173157563, vstest.console.dll, TestHostManagerCallbacks.ExitCallBack: Testhost processId: 748 exited with exitcode: 0 error: ''
TpTrace Verbose: 0 : 13392, 8, 2022/07/08, 13:26:09.656, 132173158124, vstest.console.dll, DotnetTestHostManager.OnHostExited: invoking OnHostExited callback
TpTrace Verbose: 0 : 13392, 8, 2022/07/08, 13:26:09.656, 132173158444, vstest.console.dll, CrossPlatEngine.TestHostManagerHostExited: calling on client process exit callback.
TpTrace Information: 0 : 13392, 8, 2022/07/08, 13:26:09.656, 132173158914, vstest.console.dll, TestRequestSender.OnClientProcessExit: Test host process exited. Standard error: 
TpTrace Information: 0 : 13392, 8, 2022/07/08, 13:26:09.656, 132173159166, vstest.console.dll, SocketServer.Stop: Stop server endPoint: 127.0.0.1:51034
TpTrace Information: 0 : 13392, 8, 2022/07/08, 13:26:09.656, 132173159300, vstest.console.dll, SocketServer.Stop: Cancellation requested. Stopping message loop.
TpTrace Warning: 0 : 13392, 14, 2022/07/08, 13:26:09.656, 132173159258, vstest.console.dll, ProxyOperationManager: Timed out waiting for test host to exit. Will terminate process.
TpTrace Verbose: 0 : 13392, 14, 2022/07/08, 13:26:09.657, 132173163195, vstest.console.dll, ProxyDataCollectionManager.InvokeDataCollectionServiceAction: Starting.
TpTrace Information: 0 : 13392, 14, 2022/07/08, 13:26:09.657, 132173163532, vstest.console.dll, ProxyDataCollectionManager.AfterTestRunEnd: Get attachment set for datacollector processId: 9344 port: 51031
TpTrace Verbose: 0 : 13392, 14, 2022/07/08, 13:26:09.657, 132173163850, vstest.console.dll, DataCollectionRequestSender.SendAfterTestRunStartAndGetResult : Send AfterTestRunEnd message with isCancelled: False
TpTrace Verbose: 0 : 13392, 14, 2022/07/08, 13:26:09.660, 132173192781, vstest.console.dll, DataCollectionRequestSender.SendAfterTestRunStartAndGetResult : Received message: (DataCollection.AfterTestRunEndResult) -> {
  "AttachmentSets": [],
  "Metrics": {}
}
TpTrace Information: 0 : 13392, 14, 2022/07/08, 13:26:09.663, 132173230420, vstest.console.dll, ProxyDataCollectionManager.InvokeDataCollectionServiceAction: Completed.
TpTrace Warning: 0 : 13392, 10, 2022/07/08, 13:26:09.664, 132173239848, vstest.console.dll, DataCollectionLauncher.ErrorReceivedCallback datacollector standard error line: 
TpTrace Information: 0 : 13392, 8, 2022/07/08, 13:26:09.669, 132173284077, vstest.console.dll, DataCollectionLauncher.ExitCallBack: Data collector exited with exitcode: 0 error: ''
TpTrace Verbose: 0 : 13392, 14, 2022/07/08, 13:26:09.696, 132173552592, vstest.console.dll, TestRunRequest:SendTestRunStatsChange: Starting.
TpTrace Information: 0 : 13392, 14, 2022/07/08, 13:26:09.696, 132173554609, vstest.console.dll, TestRunRequest:SendTestRunStatsChange: Completed.
TpTrace Verbose: 0 : 13392, 14, 2022/07/08, 13:26:09.696, 132173556153, vstest.console.dll, ParallelProxyExecutionManager: HandlePartialRunComplete: Total completed clients = 1, Run complete = True, Run canceled: False.
TpTrace Verbose: 0 : 13392, 14, 2022/07/08, 13:26:09.713, 132173731012, vstest.console.dll, TestRunRequest:TestRunComplete: Starting. IsAborted:False IsCanceled:False.
TpTrace Verbose: 0 : 13392, 14, 2022/07/08, 13:26:09.714, 132173733361, vstest.console.dll, TestLoggerManager.HandleTestRunComplete: Ignoring as the object is disposed.
TpTrace Information: 0 : 13392, 14, 2022/07/08, 13:26:09.714, 132173735466, vstest.console.dll, TestRunRequest:TestRunComplete: Completed.
TpTrace Verbose: 0 : 13392, 1, 2022/07/08, 13:26:09.714, 132173735674, vstest.console.dll, TestRunRequest.Dispose: Starting.
TpTrace Verbose: 0 : 13392, 14, 2022/07/08, 13:26:09.714, 132173735848, vstest.console.dll, TestRequestSender.SetOperationComplete: Setting operation complete.
TpTrace Information: 0 : 13392, 1, 2022/07/08, 13:26:09.714, 132173736420, vstest.console.dll, TestRunRequest.Dispose: Completed.
TpTrace Information: 0 : 13392, 1, 2022/07/08, 13:26:09.714, 132173736805, vstest.console.dll, TestRequestManager.RunTests: run tests completed.
TpTrace Information: 0 : 13392, 14, 2022/07/08, 13:26:09.714, 132173736815, vstest.console.dll, SocketServer.Stop: Stop server endPoint: 127.0.0.1:51034
TpTrace Information: 0 : 13392, 14, 2022/07/08, 13:26:09.714, 132173737298, vstest.console.dll, SocketServer.Stop: Cancellation requested. Stopping message loop.
TpTrace Information: 0 : 13392, 1, 2022/07/08, 13:26:09.714, 132173737527, vstest.console.dll, RunTestsArgumentProcessor:Execute: Test run is completed.
TpTrace Information: 0 : 13392, 14, 2022/07/08, 13:26:09.714, 132173737568, vstest.console.dll, SocketServer.PrivateStop: Stop server endPoint: 127.0.0.1:51034 error: 
TpTrace Verbose: 0 : 13392, 1, 2022/07/08, 13:26:09.714, 132173739579, vstest.console.dll, Executor.Execute: Exiting with exit code of 1
TpTrace Verbose: 0 : 13392, 14, 2022/07/08, 13:26:09.715, 132173742019, vstest.console.dll, LengthPrefixCommunicationChannel.Dispose: Dispose reader and writer.
TpTrace Information: 0 : 13392, 14, 2022/07/08, 13:26:09.715, 132173742927, vstest.console.dll, SocketServer.Stop: Raise disconnected event endPoint: 127.0.0.1:51034 error: 
TpTrace Verbose: 0 : 13392, 14, 2022/07/08, 13:26:09.715, 132173743594, vstest.console.dll, TestRequestSender: OnTestRunAbort: Operation is already complete. Skip error message.
TpTrace Verbose: 0 : 13392, 14, 2022/07/08, 13:26:09.715, 132173743838, vstest.console.dll, TcpClientExtensions.MessageLoopAsync: exiting MessageLoopAsync remoteEndPoint: 127.0.0.1:51035 localEndPoint: 127.0.0.1:51034
